xilinx rtfpga
INFO: [Synth 8-3886] merging instance 'registroIndiceBitTransmitir_reg[4]' (FDCE) to 'registroIndiceBitTransmitir_reg[7]'
INFO: [Synth 8-3886] merging instance 'registroIndiceBitTransmitir_reg[5]' (FDCE) to 'registroIndiceBitTransmitir_reg[7]'
INFO: [Synth 8-3886] merging instance 'registroIndiceBitTransmitir_reg[6]' (FDCE) to 'registroIndiceBitTransmitir_reg[7]'
INFO: [Synth 8-3333] propagating constant 0 across sequential element (\registroIndiceBitTransmitir_reg[7] )
INFO: [Synth 8-3333] propagating constant 0 across sequential element (\registroContadorCiclosReloj_reg[10014] )
INFO: [Synth 8-3333] propagating constant 0 across sequential element (\registroContadorCiclosReloj_reg[10015] )
INFO: [Synth 8-3333] propagating constant 0 across sequential element (\registroContadorCiclosReloj_reg[10016] )
INFO: [Synth 8-3333] propagating constant 0 across sequential element (\registroContadorCiclosReloj_reg[10017] )
INFO: [Synth 8-3333] propagating constant 0 across sequential element (\registroContadorCiclosReloj_reg[10018] )
INFO: [Synth 8-3333] propagating constant 0 across sequential element (\registroContadorCiclosReloj_reg[10019] )
INFO: [Synth 8-3333] propagating constant 0 across sequential element (\registroContadorCiclosReloj_reg[10020] )
INFO: [Synth 8-3333] propagating constant 0 across sequential element (\registroContadorCiclosReloj_reg[10021] )
INFO: [Synth 8-3333] propagating constant 0 across sequential element (\registroContadorCiclosReloj_reg[10022] )
INFO: [Synth 8-3333] propagating constant 0 across sequential element (\registroContadorCiclosReloj_reg[10023] )
INFO: [Synth 8-3333] propagating constant 0 across sequential element (\registroContadorCiclosReloj_reg[10024] )
INFO: [Synth 8-3333] propagating constant 0 across sequential element (\registroContadorCiclosReloj_reg[10025] )
INFO: [Synth 8-3333] propagating constant 0 across sequential element (\registroContadorCiclosReloj_reg[10026] )
INFO: [Synth 8-3333] propagating constant 0 across sequential element (\registroContadorCiclosReloj_reg[10027] )
INFO: [Synth 8-3333] propagating constant 0 across sequential element (\registroContadorCiclosReloj_reg[10028] )
INFO: [Synth 8-3333] propagating constant 0 across sequential element (\registroContadorCiclosReloj_reg[10029] )
INFO: [Synth 8-3333] propagating constant 0 across sequential element (\registroContadorCiclosReloj_reg[10030] )
INFO: [Synth 8-3333] propagating constant 0 across sequential element (\registroContadorCiclosReloj_reg[10031] )
INFO: [Synth 8-3333] propagating constant 0 across sequential element (\registroContadorCiclosReloj_reg[10032] )
INFO: [Synth 8-3333] propagating constant 0 across sequential element (\registroContadorCiclosReloj_reg[10033] )
INFO: [Synth 8-3333] propagating constant 0 across sequential element (\registroContadorCiclosReloj_reg[10034] )
INFO: [Synth 8-3333] propagating constant 0 across sequential element (\registroContadorCiclosReloj_reg[10035] )
INFO: [Synth 8-3333] propagating constant 0 across sequential element (\registroContadorCiclosReloj_reg[10036] )
INFO: [Synth 8-3333] propagating constant 0 across sequential element (\registroContadorCiclosReloj_reg[10037] )
INFO: [Synth 8-3333] propagating constant 0 across sequential element (\registroContadorCiclosReloj_reg[10038] )
INFO: [Synth 8-3333] propagating constant 0 across sequential element (\registroContadorCiclosReloj_reg[10039] )
INFO: [Synth 8-3333] propagating constant 0 across sequential element (\registroContadorCiclosReloj_reg[10040] )
INFO: [Synth 8-3333] propagating constant 0 across sequential element (\registroContadorCiclosReloj_reg[10041] )
INFO: [Synth 8-3333] propagating constant 0 across sequential element (\registroContadorCiclosReloj_reg[10042] )
INFO: [Synth 8-3333] propagating constant 0 across sequential element (\registroContadorCiclosReloj_reg[10043] )
INFO: [Synth 8-3333] propagating constant 0 across sequential element (\registroContadorCiclosReloj_reg[10044] )
INFO: [Synth 8-3333] propagating constant 0 across sequential element (\registroContadorCiclosReloj_reg[10045] )
INFO: [Synth 8-3333] propagating constant 0 across sequential element (\registroContadorCiclosReloj_reg[10046] )
INFO: [Synth 8-3333] propagating constant 0 across sequential element (\registroContadorCiclosReloj_reg[10047] )
INFO: [Synth 8-3333] propagating constant 0 across sequential element (\registroContadorCiclosReloj_reg[10048] )
INFO: [Synth 8-3333] propagating constant 0 across sequential element (\registroContadorCiclosReloj_reg[10049] )
INFO: [Synth 8-3333] propagating constant 0 across sequential element (\registroContadorCiclosReloj_reg[10050] )
INFO: [Synth 8-3333] propagating constant 0 across sequential element (\registroContadorCiclosReloj_reg[10051] )
INFO: [Synth 8-3333] propagating constant 0 across sequential element (\registroContadorCiclosReloj_reg[10052] )
INFO: [Synth 8-3333] propagating constant 0 across sequential element (\registroContadorCiclosReloj_reg[10053] )
INFO: [Synth 8-3333] propagating constant 0 across sequential element (\registroContadorCiclosReloj_reg[10054] )
INFO: [Synth 8-3333] propagating constant 0 across sequential element (\registroContadorCiclosReloj_reg[10055] )
INFO: [Synth 8-3333] propagating constant 0 across sequential element (\registroContadorCiclosReloj_reg[10056] )
INFO: [Synth 8-3333] propagating constant 0 across sequential element (\registroContadorCiclosReloj_reg[10057] )
INFO: [Synth 8-3333] propagating constant 0 across sequential element (\registroContadorCiclosReloj_reg[10058] )
INFO: [Synth 8-3333] propagating constant 0 across sequential element (\registroContadorCiclosReloj_reg[10059] )
INFO: [Synth 8-3333] propagating constant 0 across sequential element (\registroContadorCiclosReloj_reg[10060] )
INFO: [Synth 8-3333] propagating constant 0 across sequential element (\registroContadorCiclosReloj_reg[10061] )
INFO: [Synth 8-3333] propagating constant 0 across sequential element (\registroContadorCiclosReloj_reg[10062] )
INFO: [Synth 8-3333] propagating constant 0 across sequential element (\registroContadorCiclosReloj_reg[10063] )
INFO: [Synth 8-3333] propagating constant 0 across sequential element (\registroContadorCiclosReloj_reg[10064] )
INFO: [Synth 8-3333] propagating constant 0 across sequential element (\registroContadorCiclosReloj_reg[10065] )
INFO: [Synth 8-3333] propagating constant 0 across sequential element (\registroContadorCiclosReloj_reg[10066] )
INFO: [Synth 8-3333] propagating constant 0 across sequential element (\registroContadorCiclosReloj_reg[10067] )
INFO: [Synth 8-3333] propagating constant 0 across sequential element (\registroContadorCiclosReloj_reg[10068] )
INFO: [Synth 8-3333] propagating constant 0 across sequential element (\registroContadorCiclosReloj_reg[10069] )
INFO: [Synth 8-3333] propagating constant 0 across sequential element (\registroContadorCiclosReloj_reg[10070] )
INFO: [Synth 8-3333] propagating constant 0 across sequential element (\registroContadorCiclosReloj_reg[10071] )
INFO: [Synth 8-3333] propagating constant 0 across sequential element (\registroContadorCiclosReloj_reg[10072] )
INFO: [Synth 8-3333] propagating constant 0 across sequential element (\registroContadorCiclosReloj_reg[10073] )
INFO: [Synth 8-3333] propagating constant 0 across sequential element (\registroContadorCiclosReloj_reg[10074] )
INFO: [Synth 8-3333] propagating constant 0 across sequential element (\registroContadorCiclosReloj_reg[10075] )
INFO: [Synth 8-3333] propagating constant 0 across sequential element (\registroContadorCiclosReloj_reg[10076] )
INFO: [Synth 8-3333] propagating constant 0 across sequential element (\registroContadorCiclosReloj_reg[10077] )
INFO: [Synth 8-3333] propagating constant 0 across sequential element (\registroContadorCiclosReloj_reg[10078] )
INFO: [Synth 8-3333] propagating constant 0 across sequential element (\registroContadorCiclosReloj_reg[10079] )
INFO: [Synth 8-3333] propagating constant 0 across sequential element (\registroContadorCiclosReloj_reg[10080] )
INFO: [Synth 8-3333] propagating constant 0 across sequential element (\registroContadorCiclosReloj_reg[10081] )
INFO: [Synth 8-3333] propagating constant 0 across sequential element (\registroContadorCiclosReloj_reg[10082] )
INFO: [Synth 8-3333] propagating constant 0 across sequential element (\registroContadorCiclosReloj_reg[10083] )
INFO: [Synth 8-3333] propagating constant 0 across sequential element (\registroContadorCiclosReloj_reg[10084] )
INFO: [Synth 8-3333] propagating constant 0 across sequential element (\registroContadorCiclosReloj_reg[10085] )
INFO: [Synth 8-3333] propagating constant 0 across sequential element (\registroContadorCiclosReloj_reg[10086] )
INFO: [Synth 8-3333] propagating constant 0 across sequential element (\registroContadorCiclosReloj_reg[10087] )
INFO: [Synth 8-3333] propagating constant 0 across sequential element (\registroContadorCiclosReloj_reg[10088] )
INFO: [Synth 8-3333] propagating constant 0 across sequential element (\registroContadorCiclosReloj_reg[10089] )
INFO: [Synth 8-3333] propagating constant 0 across sequential element (\registroContadorCiclosReloj_reg[10090] )
INFO: [Synth 8-3333] propagating constant 0 across sequential element (\registroContadorCiclosReloj_reg[10091] )
INFO: [Synth 8-3333] propagating constant 0 across sequential element (\registroContadorCiclosReloj_reg[10092] )
INFO: [Synth 8-3333] propagating constant 0 across sequential element (\registroContadorCiclosReloj_reg[10093] )
INFO: [Synth 8-3333] propagating constant 0 across sequential element (\registroContadorCiclosReloj_reg[10094] )
INFO: [Synth 8-3333] propagating constant 0 across sequential element (\registroContadorCiclosReloj_reg[10095] )
INFO: [Synth 8-3333] propagating constant 0 across sequential element (\registroContadorCiclosReloj_reg[10096] )
INFO: [Synth 8-3333] propagating constant 0 across sequential element (\registroContadorCiclosReloj_reg[10097] )
INFO: [Synth 8-3333] propagating constant 0 across sequential element (\registroContadorCiclosReloj_reg[10098] )
INFO: [Synth 8-3333] propagating constant 0 across sequential element (\registroContadorCiclosReloj_reg[10099] )
INFO: [Synth 8-3333] propagating constant 0 across sequential element (\registroContadorCiclosReloj_reg[10100] )
INFO: [Synth 8-3333] propagating constant 0 across sequential element (\registroContadorCiclosReloj_reg[10101] )
INFO: [Synth 8-3333] propagating constant 0 across sequential element (\registroContadorCiclosReloj_reg[10102] )
INFO: [Synth 8-3333] propagating constant 0 across sequential element (\registroContadorCiclosReloj_reg[10103] )
INFO: [Synth 8-3333] propagating constant 0 across sequential element (\registroContadorCiclosReloj_reg[10104] )
INFO: [Synth 8-3333] propagating constant 0 across sequential element (\registroContadorCiclosReloj_reg[10105] )
INFO: [Synth 8-3333] propagating constant 0 across sequential element (\registroContadorCiclosReloj_reg[10106] )
INFO: [Synth 8-3333] propagating constant 0 across sequential element (\registroContadorCiclosReloj_reg[10107] )
INFO: [Synth 8-3333] propagating constant 0 across sequential element (\registroContadorCiclosReloj_reg[10108] )
INFO: [Synth 8-3333] propagating constant 0 across sequential element (\registroContadorCiclosReloj_reg[10109] )
INFO: [Synth 8-3333] propagating constant 0 across sequential element (\registroContadorCiclosReloj_reg[10110] )
INFO: [Synth 8-3333] propagating constant 0 across sequential element (\registroContadorCiclosReloj_reg[10111] )
INFO: [Synth 8-3333] propagating constant 0 across sequential element (\registroContadorCiclosReloj_reg[10112] )
INFO: [Common 17-14] Message 'Synth 8-3333' appears 100 times and further instances of the messages will be disabled. Use the Tcl command set_msg_config to change the current settings.
