
*** Running vivado
    with args -log moduloPrincipal.vds -m64 -product Vivado -mode batch -messageDb vivado.pb -notrace -source moduloPrincipal.tcl


****** Vivado v2019.1 (64-bit)
  **** SW Build 2552052 on Fri May 24 14:49:42 MDT 2019
  **** IP Build 2548770 on Fri May 24 18:01:18 MDT 2019
    ** Copyright 1986-2019 Xilinx, Inc. All Rights Reserved.

source moduloPrincipal.tcl -notrace
Command: synth_design -top moduloPrincipal -part xc7k70tfbv676-1
Starting synth_design
Attempting to get a license for feature 'Synthesis' and/or device 'xc7k70t'
INFO: [Common 17-349] Got license for feature 'Synthesis' and/or device 'xc7k70t'
INFO: [Device 21-403] Loading part xc7k70tfbv676-1
INFO: Launching helper process for spawning children vivado processes
INFO: Helper process launched with PID 20880 
WARNING: [Synth 8-2507] parameter declaration becomes local in moduloReceptorUART with formal parameter declaration list [C:/Users/aebol/OneDrive/Desktop/Laboratorio4/Codigo Fuente/moduloReceptorUART.sv:9]
WARNING: [Synth 8-2507] parameter declaration becomes local in moduloReceptorUART with formal parameter declaration list [C:/Users/aebol/OneDrive/Desktop/Laboratorio4/Codigo Fuente/moduloReceptorUART.sv:10]
WARNING: [Synth 8-2507] parameter declaration becomes local in moduloReceptorUART with formal parameter declaration list [C:/Users/aebol/OneDrive/Desktop/Laboratorio4/Codigo Fuente/moduloReceptorUART.sv:11]
WARNING: [Synth 8-2507] parameter declaration becomes local in moduloReceptorUART with formal parameter declaration list [C:/Users/aebol/OneDrive/Desktop/Laboratorio4/Codigo Fuente/moduloReceptorUART.sv:12]
WARNING: [Synth 8-2507] parameter declaration becomes local in moduloReceptorUART with formal parameter declaration list [C:/Users/aebol/OneDrive/Desktop/Laboratorio4/Codigo Fuente/moduloReceptorUART.sv:13]
WARNING: [Synth 8-2507] parameter declaration becomes local in moduloTransmisorUART with formal parameter declaration list [C:/Users/aebol/OneDrive/Desktop/Laboratorio4/Codigo Fuente/moduloTransmisorUART.sv:9]
WARNING: [Synth 8-2507] parameter declaration becomes local in moduloTransmisorUART with formal parameter declaration list [C:/Users/aebol/OneDrive/Desktop/Laboratorio4/Codigo Fuente/moduloTransmisorUART.sv:10]
WARNING: [Synth 8-2507] parameter declaration becomes local in moduloTransmisorUART with formal parameter declaration list [C:/Users/aebol/OneDrive/Desktop/Laboratorio4/Codigo Fuente/moduloTransmisorUART.sv:11]
WARNING: [Synth 8-2507] parameter declaration becomes local in moduloTransmisorUART with formal parameter declaration list [C:/Users/aebol/OneDrive/Desktop/Laboratorio4/Codigo Fuente/moduloTransmisorUART.sv:12]
---------------------------------------------------------------------------------
Starting RTL Elaboration : Time (s): cpu = 00:00:06 ; elapsed = 00:00:09 . Memory (MB): peak = 680.461 ; gain = 181.832
---------------------------------------------------------------------------------
INFO: [Synth 8-6157] synthesizing module 'moduloPrincipal' [C:/Users/aebol/OneDrive/Desktop/Laboratorio4/Codigo Fuente/moduloPrincipal.sv:1]
INFO: [Synth 8-6157] synthesizing module 'moduloProcesador' [C:/Users/aebol/OneDrive/Desktop/Laboratorio4/Codigo Fuente/moduloProcesador.sv:1]
INFO: [Synth 8-6155] done synthesizing module 'moduloProcesador' (1#1) [C:/Users/aebol/OneDrive/Desktop/Laboratorio4/Codigo Fuente/moduloProcesador.sv:1]
INFO: [Synth 8-6157] synthesizing module 'moduloUART' [C:/Users/aebol/OneDrive/Desktop/Laboratorio4/Codigo Fuente/moduloUART.sv:1]
INFO: [Synth 8-6157] synthesizing module 'moduloTransmisorUART' [C:/Users/aebol/OneDrive/Desktop/Laboratorio4/Codigo Fuente/moduloTransmisorUART.sv:1]
	Parameter CICLOS_DE_RELOJ_POR_BIT bound to: 10417 - type: integer 
	Parameter CANTIDAD_BITS_TRANSMISION bound to: 8 - type: integer 
	Parameter ESTADO_ESPERA bound to: 2'b00 
	Parameter ESTADO_ENVIANDO_BIT_DE_INICIO bound to: 2'b01 
	Parameter ESTADO_ENVIANDO_INFORMACION bound to: 2'b10 
	Parameter ESTADO_ENVIANDO_BIT_DE_FINALIZACION bound to: 2'b11 
WARNING: [Synth 8-5788] Register lineaTransmisionBits_reg in module moduloTransmisorUART is has both Set and reset with same priority. This may cause simulation mismatches. Consider rewriting code  [C:/Users/aebol/OneDrive/Desktop/Laboratorio4/Codigo Fuente/moduloTransmisorUART.sv:28]
INFO: [Synth 8-6155] done synthesizing module 'moduloTransmisorUART' (2#1) [C:/Users/aebol/OneDrive/Desktop/Laboratorio4/Codigo Fuente/moduloTransmisorUART.sv:1]
INFO: [Synth 8-6157] synthesizing module 'moduloReceptorUART' [C:/Users/aebol/OneDrive/Desktop/Laboratorio4/Codigo Fuente/moduloReceptorUART.sv:1]
	Parameter CICLOS_DE_RELOJ_POR_BIT bound to: 10417 - type: integer 
	Parameter CANTIDAD_BITS_TRANSMISION bound to: 8 - type: integer 
	Parameter ESTADO_ESPERA bound to: 3'b000 
	Parameter ESTADO_RECIBIENDO_BIT_DE_INICIO bound to: 3'b001 
	Parameter ESTADO_RECIBIENDO_INFORMACION bound to: 3'b010 
	Parameter ESTADO_RECIBIENDO_BIT_DE_FINALIZACION bound to: 3'b011 
	Parameter ESTADO_LIMPIEZA bound to: 3'b100 
INFO: [Synth 8-6155] done synthesizing module 'moduloReceptorUART' (3#1) [C:/Users/aebol/OneDrive/Desktop/Laboratorio4/Codigo Fuente/moduloReceptorUART.sv:1]
WARNING: [Synth 8-689] width (8) of port connection 'bitsRecibidos' does not match port width (10) of module 'moduloReceptorUART' [C:/Users/aebol/OneDrive/Desktop/Laboratorio4/Codigo Fuente/moduloUART.sv:28]
INFO: [Synth 8-6155] done synthesizing module 'moduloUART' (4#1) [C:/Users/aebol/OneDrive/Desktop/Laboratorio4/Codigo Fuente/moduloUART.sv:1]
INFO: [Synth 8-6157] synthesizing module 'moduloAntirebote' [C:/Users/aebol/OneDrive/Desktop/Laboratorio4/Codigo Fuente/moduloAntirebote.sv:1]
	Parameter cantidadCiclosRelojNecesarios bound to: 30 - type: integer 
INFO: [Synth 8-6155] done synthesizing module 'moduloAntirebote' (5#1) [C:/Users/aebol/OneDrive/Desktop/Laboratorio4/Codigo Fuente/moduloAntirebote.sv:1]
INFO: [Synth 8-6157] synthesizing module 'moduloHexadecimalDisplaySieteSegmentos' [C:/Users/aebol/OneDrive/Desktop/Laboratorio4/Codigo Fuente/moduloHexadecimalDisplaySieteSegmentos.sv:1]
INFO: [Synth 8-6155] done synthesizing module 'moduloHexadecimalDisplaySieteSegmentos' (6#1) [C:/Users/aebol/OneDrive/Desktop/Laboratorio4/Codigo Fuente/moduloHexadecimalDisplaySieteSegmentos.sv:1]
INFO: [Synth 8-6155] done synthesizing module 'moduloPrincipal' (7#1) [C:/Users/aebol/OneDrive/Desktop/Laboratorio4/Codigo Fuente/moduloPrincipal.sv:1]
---------------------------------------------------------------------------------
Finished RTL Elaboration : Time (s): cpu = 00:00:07 ; elapsed = 00:00:13 . Memory (MB): peak = 761.395 ; gain = 262.766
---------------------------------------------------------------------------------

Report Check Netlist: 
+------+------------------+-------+---------+-------+------------------+
|      |Item              |Errors |Warnings |Status |Description       |
+------+------------------+-------+---------+-------+------------------+
|1     |multi_driven_nets |      0|        0|Passed |Multi driven nets |
+------+------------------+-------+---------+-------+------------------+
---------------------------------------------------------------------------------
Start Handling Custom Attributes
---------------------------------------------------------------------------------
---------------------------------------------------------------------------------
Finished Handling Custom Attributes : Time (s): cpu = 00:00:08 ; elapsed = 00:00:15 . Memory (MB): peak = 761.395 ; gain = 262.766
---------------------------------------------------------------------------------
---------------------------------------------------------------------------------
Finished RTL Optimization Phase 1 : Time (s): cpu = 00:00:08 ; elapsed = 00:00:15 . Memory (MB): peak = 761.395 ; gain = 262.766
---------------------------------------------------------------------------------
INFO: [Project 1-570] Preparing netlist for logic optimization

Processing XDC Constraints
Initializing timing engine
Parsing XDC File [C:/Users/aebol/OneDrive/Documents/Vivado/hw/hw.srcs/constrs_1/imports/constraints/Basys3_Master.xdc]
WARNING: [Vivado 12-584] No ports matched 'entradaSwitches[0]'. [C:/Users/aebol/OneDrive/Documents/Vivado/hw/hw.srcs/constrs_1/imports/constraints/Basys3_Master.xdc:12]
CRITICAL WARNING: [Common 17-55] 'set_property' expects at least one object. [C:/Users/aebol/OneDrive/Documents/Vivado/hw/hw.srcs/constrs_1/imports/constraints/Basys3_Master.xdc:12]
Resolution: If [get_<value>] was used to populate the object, check to make sure this command returns at least one valid object.
WARNING: [Vivado 12-584] No ports matched 'entradaSwitches[0]'. [C:/Users/aebol/OneDrive/Documents/Vivado/hw/hw.srcs/constrs_1/imports/constraints/Basys3_Master.xdc:13]
CRITICAL WARNING: [Common 17-55] 'set_property' expects at least one object. [C:/Users/aebol/OneDrive/Documents/Vivado/hw/hw.srcs/constrs_1/imports/constraints/Basys3_Master.xdc:13]
Resolution: If [get_<value>] was used to populate the object, check to make sure this command returns at least one valid object.
WARNING: [Vivado 12-584] No ports matched 'entradaSwitches[1]'. [C:/Users/aebol/OneDrive/Documents/Vivado/hw/hw.srcs/constrs_1/imports/constraints/Basys3_Master.xdc:14]
CRITICAL WARNING: [Common 17-55] 'set_property' expects at least one object. [C:/Users/aebol/OneDrive/Documents/Vivado/hw/hw.srcs/constrs_1/imports/constraints/Basys3_Master.xdc:14]
Resolution: If [get_<value>] was used to populate the object, check to make sure this command returns at least one valid object.
WARNING: [Vivado 12-584] No ports matched 'entradaSwitches[1]'. [C:/Users/aebol/OneDrive/Documents/Vivado/hw/hw.srcs/constrs_1/imports/constraints/Basys3_Master.xdc:15]
CRITICAL WARNING: [Common 17-55] 'set_property' expects at least one object. [C:/Users/aebol/OneDrive/Documents/Vivado/hw/hw.srcs/constrs_1/imports/constraints/Basys3_Master.xdc:15]
Resolution: If [get_<value>] was used to populate the object, check to make sure this command returns at least one valid object.
WARNING: [Vivado 12-584] No ports matched 'entradaSwitches[2]'. [C:/Users/aebol/OneDrive/Documents/Vivado/hw/hw.srcs/constrs_1/imports/constraints/Basys3_Master.xdc:16]
CRITICAL WARNING: [Common 17-55] 'set_property' expects at least one object. [C:/Users/aebol/OneDrive/Documents/Vivado/hw/hw.srcs/constrs_1/imports/constraints/Basys3_Master.xdc:16]
Resolution: If [get_<value>] was used to populate the object, check to make sure this command returns at least one valid object.
WARNING: [Vivado 12-584] No ports matched 'entradaSwitches[2]'. [C:/Users/aebol/OneDrive/Documents/Vivado/hw/hw.srcs/constrs_1/imports/constraints/Basys3_Master.xdc:17]
CRITICAL WARNING: [Common 17-55] 'set_property' expects at least one object. [C:/Users/aebol/OneDrive/Documents/Vivado/hw/hw.srcs/constrs_1/imports/constraints/Basys3_Master.xdc:17]
Resolution: If [get_<value>] was used to populate the object, check to make sure this command returns at least one valid object.
WARNING: [Vivado 12-584] No ports matched 'entradaSwitches[3]'. [C:/Users/aebol/OneDrive/Documents/Vivado/hw/hw.srcs/constrs_1/imports/constraints/Basys3_Master.xdc:18]
CRITICAL WARNING: [Common 17-55] 'set_property' expects at least one object. [C:/Users/aebol/OneDrive/Documents/Vivado/hw/hw.srcs/constrs_1/imports/constraints/Basys3_Master.xdc:18]
Resolution: If [get_<value>] was used to populate the object, check to make sure this command returns at least one valid object.
WARNING: [Vivado 12-584] No ports matched 'entradaSwitches[3]'. [C:/Users/aebol/OneDrive/Documents/Vivado/hw/hw.srcs/constrs_1/imports/constraints/Basys3_Master.xdc:19]
CRITICAL WARNING: [Common 17-55] 'set_property' expects at least one object. [C:/Users/aebol/OneDrive/Documents/Vivado/hw/hw.srcs/constrs_1/imports/constraints/Basys3_Master.xdc:19]
Resolution: If [get_<value>] was used to populate the object, check to make sure this command returns at least one valid object.
WARNING: [Vivado 12-584] No ports matched 'entradaSwitches[4]'. [C:/Users/aebol/OneDrive/Documents/Vivado/hw/hw.srcs/constrs_1/imports/constraints/Basys3_Master.xdc:20]
CRITICAL WARNING: [Common 17-55] 'set_property' expects at least one object. [C:/Users/aebol/OneDrive/Documents/Vivado/hw/hw.srcs/constrs_1/imports/constraints/Basys3_Master.xdc:20]
Resolution: If [get_<value>] was used to populate the object, check to make sure this command returns at least one valid object.
WARNING: [Vivado 12-584] No ports matched 'entradaSwitches[4]'. [C:/Users/aebol/OneDrive/Documents/Vivado/hw/hw.srcs/constrs_1/imports/constraints/Basys3_Master.xdc:21]
CRITICAL WARNING: [Common 17-55] 'set_property' expects at least one object. [C:/Users/aebol/OneDrive/Documents/Vivado/hw/hw.srcs/constrs_1/imports/constraints/Basys3_Master.xdc:21]
Resolution: If [get_<value>] was used to populate the object, check to make sure this command returns at least one valid object.
WARNING: [Vivado 12-584] No ports matched 'entradaSwitches[5]'. [C:/Users/aebol/OneDrive/Documents/Vivado/hw/hw.srcs/constrs_1/imports/constraints/Basys3_Master.xdc:22]
CRITICAL WARNING: [Common 17-55] 'set_property' expects at least one object. [C:/Users/aebol/OneDrive/Documents/Vivado/hw/hw.srcs/constrs_1/imports/constraints/Basys3_Master.xdc:22]
Resolution: If [get_<value>] was used to populate the object, check to make sure this command returns at least one valid object.
WARNING: [Vivado 12-584] No ports matched 'entradaSwitches[5]'. [C:/Users/aebol/OneDrive/Documents/Vivado/hw/hw.srcs/constrs_1/imports/constraints/Basys3_Master.xdc:23]
CRITICAL WARNING: [Common 17-55] 'set_property' expects at least one object. [C:/Users/aebol/OneDrive/Documents/Vivado/hw/hw.srcs/constrs_1/imports/constraints/Basys3_Master.xdc:23]
Resolution: If [get_<value>] was used to populate the object, check to make sure this command returns at least one valid object.
WARNING: [Vivado 12-584] No ports matched 'entradaSwitches[6]'. [C:/Users/aebol/OneDrive/Documents/Vivado/hw/hw.srcs/constrs_1/imports/constraints/Basys3_Master.xdc:24]
CRITICAL WARNING: [Common 17-55] 'set_property' expects at least one object. [C:/Users/aebol/OneDrive/Documents/Vivado/hw/hw.srcs/constrs_1/imports/constraints/Basys3_Master.xdc:24]
Resolution: If [get_<value>] was used to populate the object, check to make sure this command returns at least one valid object.
WARNING: [Vivado 12-584] No ports matched 'entradaSwitches[6]'. [C:/Users/aebol/OneDrive/Documents/Vivado/hw/hw.srcs/constrs_1/imports/constraints/Basys3_Master.xdc:25]
CRITICAL WARNING: [Common 17-55] 'set_property' expects at least one object. [C:/Users/aebol/OneDrive/Documents/Vivado/hw/hw.srcs/constrs_1/imports/constraints/Basys3_Master.xdc:25]
Resolution: If [get_<value>] was used to populate the object, check to make sure this command returns at least one valid object.
WARNING: [Vivado 12-584] No ports matched 'entradaSwitches[7]'. [C:/Users/aebol/OneDrive/Documents/Vivado/hw/hw.srcs/constrs_1/imports/constraints/Basys3_Master.xdc:26]
CRITICAL WARNING: [Common 17-55] 'set_property' expects at least one object. [C:/Users/aebol/OneDrive/Documents/Vivado/hw/hw.srcs/constrs_1/imports/constraints/Basys3_Master.xdc:26]
Resolution: If [get_<value>] was used to populate the object, check to make sure this command returns at least one valid object.
WARNING: [Vivado 12-584] No ports matched 'entradaSwitches[7]'. [C:/Users/aebol/OneDrive/Documents/Vivado/hw/hw.srcs/constrs_1/imports/constraints/Basys3_Master.xdc:27]
CRITICAL WARNING: [Common 17-55] 'set_property' expects at least one object. [C:/Users/aebol/OneDrive/Documents/Vivado/hw/hw.srcs/constrs_1/imports/constraints/Basys3_Master.xdc:27]
Resolution: If [get_<value>] was used to populate the object, check to make sure this command returns at least one valid object.
WARNING: [Vivado 12-584] No ports matched 'salidaLEDS[0]'. [C:/Users/aebol/OneDrive/Documents/Vivado/hw/hw.srcs/constrs_1/imports/constraints/Basys3_Master.xdc:45]
CRITICAL WARNING: [Common 17-55] 'set_property' expects at least one object. [C:/Users/aebol/OneDrive/Documents/Vivado/hw/hw.srcs/constrs_1/imports/constraints/Basys3_Master.xdc:45]
Resolution: If [get_<value>] was used to populate the object, check to make sure this command returns at least one valid object.
WARNING: [Vivado 12-584] No ports matched 'salidaLEDS[0]'. [C:/Users/aebol/OneDrive/Documents/Vivado/hw/hw.srcs/constrs_1/imports/constraints/Basys3_Master.xdc:46]
CRITICAL WARNING: [Common 17-55] 'set_property' expects at least one object. [C:/Users/aebol/OneDrive/Documents/Vivado/hw/hw.srcs/constrs_1/imports/constraints/Basys3_Master.xdc:46]
Resolution: If [get_<value>] was used to populate the object, check to make sure this command returns at least one valid object.
WARNING: [Vivado 12-584] No ports matched 'salidaLEDS[1]'. [C:/Users/aebol/OneDrive/Documents/Vivado/hw/hw.srcs/constrs_1/imports/constraints/Basys3_Master.xdc:47]
CRITICAL WARNING: [Common 17-55] 'set_property' expects at least one object. [C:/Users/aebol/OneDrive/Documents/Vivado/hw/hw.srcs/constrs_1/imports/constraints/Basys3_Master.xdc:47]
Resolution: If [get_<value>] was used to populate the object, check to make sure this command returns at least one valid object.
WARNING: [Vivado 12-584] No ports matched 'salidaLEDS[1]'. [C:/Users/aebol/OneDrive/Documents/Vivado/hw/hw.srcs/constrs_1/imports/constraints/Basys3_Master.xdc:48]
CRITICAL WARNING: [Common 17-55] 'set_property' expects at least one object. [C:/Users/aebol/OneDrive/Documents/Vivado/hw/hw.srcs/constrs_1/imports/constraints/Basys3_Master.xdc:48]
Resolution: If [get_<value>] was used to populate the object, check to make sure this command returns at least one valid object.
WARNING: [Vivado 12-584] No ports matched 'salidaLEDS[2]'. [C:/Users/aebol/OneDrive/Documents/Vivado/hw/hw.srcs/constrs_1/imports/constraints/Basys3_Master.xdc:49]
CRITICAL WARNING: [Common 17-55] 'set_property' expects at least one object. [C:/Users/aebol/OneDrive/Documents/Vivado/hw/hw.srcs/constrs_1/imports/constraints/Basys3_Master.xdc:49]
Resolution: If [get_<value>] was used to populate the object, check to make sure this command returns at least one valid object.
WARNING: [Vivado 12-584] No ports matched 'salidaLEDS[2]'. [C:/Users/aebol/OneDrive/Documents/Vivado/hw/hw.srcs/constrs_1/imports/constraints/Basys3_Master.xdc:50]
CRITICAL WARNING: [Common 17-55] 'set_property' expects at least one object. [C:/Users/aebol/OneDrive/Documents/Vivado/hw/hw.srcs/constrs_1/imports/constraints/Basys3_Master.xdc:50]
Resolution: If [get_<value>] was used to populate the object, check to make sure this command returns at least one valid object.
WARNING: [Vivado 12-584] No ports matched 'salidaLEDS[3]'. [C:/Users/aebol/OneDrive/Documents/Vivado/hw/hw.srcs/constrs_1/imports/constraints/Basys3_Master.xdc:51]
CRITICAL WARNING: [Common 17-55] 'set_property' expects at least one object. [C:/Users/aebol/OneDrive/Documents/Vivado/hw/hw.srcs/constrs_1/imports/constraints/Basys3_Master.xdc:51]
Resolution: If [get_<value>] was used to populate the object, check to make sure this command returns at least one valid object.
WARNING: [Vivado 12-584] No ports matched 'salidaLEDS[3]'. [C:/Users/aebol/OneDrive/Documents/Vivado/hw/hw.srcs/constrs_1/imports/constraints/Basys3_Master.xdc:52]
CRITICAL WARNING: [Common 17-55] 'set_property' expects at least one object. [C:/Users/aebol/OneDrive/Documents/Vivado/hw/hw.srcs/constrs_1/imports/constraints/Basys3_Master.xdc:52]
Resolution: If [get_<value>] was used to populate the object, check to make sure this command returns at least one valid object.
WARNING: [Vivado 12-584] No ports matched 'salidaLEDS[4]'. [C:/Users/aebol/OneDrive/Documents/Vivado/hw/hw.srcs/constrs_1/imports/constraints/Basys3_Master.xdc:53]
CRITICAL WARNING: [Common 17-55] 'set_property' expects at least one object. [C:/Users/aebol/OneDrive/Documents/Vivado/hw/hw.srcs/constrs_1/imports/constraints/Basys3_Master.xdc:53]
Resolution: If [get_<value>] was used to populate the object, check to make sure this command returns at least one valid object.
WARNING: [Vivado 12-584] No ports matched 'salidaLEDS[4]'. [C:/Users/aebol/OneDrive/Documents/Vivado/hw/hw.srcs/constrs_1/imports/constraints/Basys3_Master.xdc:54]
CRITICAL WARNING: [Common 17-55] 'set_property' expects at least one object. [C:/Users/aebol/OneDrive/Documents/Vivado/hw/hw.srcs/constrs_1/imports/constraints/Basys3_Master.xdc:54]
Resolution: If [get_<value>] was used to populate the object, check to make sure this command returns at least one valid object.
WARNING: [Vivado 12-584] No ports matched 'salidaLEDS[5]'. [C:/Users/aebol/OneDrive/Documents/Vivado/hw/hw.srcs/constrs_1/imports/constraints/Basys3_Master.xdc:55]
CRITICAL WARNING: [Common 17-55] 'set_property' expects at least one object. [C:/Users/aebol/OneDrive/Documents/Vivado/hw/hw.srcs/constrs_1/imports/constraints/Basys3_Master.xdc:55]
Resolution: If [get_<value>] was used to populate the object, check to make sure this command returns at least one valid object.
WARNING: [Vivado 12-584] No ports matched 'salidaLEDS[5]'. [C:/Users/aebol/OneDrive/Documents/Vivado/hw/hw.srcs/constrs_1/imports/constraints/Basys3_Master.xdc:56]
CRITICAL WARNING: [Common 17-55] 'set_property' expects at least one object. [C:/Users/aebol/OneDrive/Documents/Vivado/hw/hw.srcs/constrs_1/imports/constraints/Basys3_Master.xdc:56]
Resolution: If [get_<value>] was used to populate the object, check to make sure this command returns at least one valid object.
WARNING: [Vivado 12-584] No ports matched 'salidaLEDS[6]'. [C:/Users/aebol/OneDrive/Documents/Vivado/hw/hw.srcs/constrs_1/imports/constraints/Basys3_Master.xdc:57]
CRITICAL WARNING: [Common 17-55] 'set_property' expects at least one object. [C:/Users/aebol/OneDrive/Documents/Vivado/hw/hw.srcs/constrs_1/imports/constraints/Basys3_Master.xdc:57]
Resolution: If [get_<value>] was used to populate the object, check to make sure this command returns at least one valid object.
WARNING: [Vivado 12-584] No ports matched 'salidaLEDS[6]'. [C:/Users/aebol/OneDrive/Documents/Vivado/hw/hw.srcs/constrs_1/imports/constraints/Basys3_Master.xdc:58]
CRITICAL WARNING: [Common 17-55] 'set_property' expects at least one object. [C:/Users/aebol/OneDrive/Documents/Vivado/hw/hw.srcs/constrs_1/imports/constraints/Basys3_Master.xdc:58]
Resolution: If [get_<value>] was used to populate the object, check to make sure this command returns at least one valid object.
WARNING: [Vivado 12-584] No ports matched 'salidaLEDS[7]'. [C:/Users/aebol/OneDrive/Documents/Vivado/hw/hw.srcs/constrs_1/imports/constraints/Basys3_Master.xdc:59]
CRITICAL WARNING: [Common 17-55] 'set_property' expects at least one object. [C:/Users/aebol/OneDrive/Documents/Vivado/hw/hw.srcs/constrs_1/imports/constraints/Basys3_Master.xdc:59]
Resolution: If [get_<value>] was used to populate the object, check to make sure this command returns at least one valid object.
WARNING: [Vivado 12-584] No ports matched 'salidaLEDS[7]'. [C:/Users/aebol/OneDrive/Documents/Vivado/hw/hw.srcs/constrs_1/imports/constraints/Basys3_Master.xdc:60]
CRITICAL WARNING: [Common 17-55] 'set_property' expects at least one object. [C:/Users/aebol/OneDrive/Documents/Vivado/hw/hw.srcs/constrs_1/imports/constraints/Basys3_Master.xdc:60]
Resolution: If [get_<value>] was used to populate the object, check to make sure this command returns at least one valid object.
WARNING: [Vivado 12-584] No ports matched 'botonIniciarTransmision'. [C:/Users/aebol/OneDrive/Documents/Vivado/hw/hw.srcs/constrs_1/imports/constraints/Basys3_Master.xdc:104]
CRITICAL WARNING: [Common 17-55] 'set_property' expects at least one object. [C:/Users/aebol/OneDrive/Documents/Vivado/hw/hw.srcs/constrs_1/imports/constraints/Basys3_Master.xdc:104]
Resolution: If [get_<value>] was used to populate the object, check to make sure this command returns at least one valid object.
WARNING: [Vivado 12-584] No ports matched 'botonIniciarTransmision'. [C:/Users/aebol/OneDrive/Documents/Vivado/hw/hw.srcs/constrs_1/imports/constraints/Basys3_Master.xdc:105]
CRITICAL WARNING: [Common 17-55] 'set_property' expects at least one object. [C:/Users/aebol/OneDrive/Documents/Vivado/hw/hw.srcs/constrs_1/imports/constraints/Basys3_Master.xdc:105]
Resolution: If [get_<value>] was used to populate the object, check to make sure this command returns at least one valid object.
WARNING: [Vivado 12-584] No ports matched 'lineaRecepcionBits'. [C:/Users/aebol/OneDrive/Documents/Vivado/hw/hw.srcs/constrs_1/imports/constraints/Basys3_Master.xdc:258]
CRITICAL WARNING: [Common 17-55] 'set_property' expects at least one object. [C:/Users/aebol/OneDrive/Documents/Vivado/hw/hw.srcs/constrs_1/imports/constraints/Basys3_Master.xdc:258]
Resolution: If [get_<value>] was used to populate the object, check to make sure this command returns at least one valid object.
WARNING: [Vivado 12-584] No ports matched 'lineaRecepcionBits'. [C:/Users/aebol/OneDrive/Documents/Vivado/hw/hw.srcs/constrs_1/imports/constraints/Basys3_Master.xdc:259]
CRITICAL WARNING: [Common 17-55] 'set_property' expects at least one object. [C:/Users/aebol/OneDrive/Documents/Vivado/hw/hw.srcs/constrs_1/imports/constraints/Basys3_Master.xdc:259]
Resolution: If [get_<value>] was used to populate the object, check to make sure this command returns at least one valid object.
WARNING: [Vivado 12-584] No ports matched 'lineaTransmisionBits'. [C:/Users/aebol/OneDrive/Documents/Vivado/hw/hw.srcs/constrs_1/imports/constraints/Basys3_Master.xdc:260]
CRITICAL WARNING: [Common 17-55] 'set_property' expects at least one object. [C:/Users/aebol/OneDrive/Documents/Vivado/hw/hw.srcs/constrs_1/imports/constraints/Basys3_Master.xdc:260]
Resolution: If [get_<value>] was used to populate the object, check to make sure this command returns at least one valid object.
WARNING: [Vivado 12-584] No ports matched 'lineaTransmisionBits'. [C:/Users/aebol/OneDrive/Documents/Vivado/hw/hw.srcs/constrs_1/imports/constraints/Basys3_Master.xdc:261]
CRITICAL WARNING: [Common 17-55] 'set_property' expects at least one object. [C:/Users/aebol/OneDrive/Documents/Vivado/hw/hw.srcs/constrs_1/imports/constraints/Basys3_Master.xdc:261]
Resolution: If [get_<value>] was used to populate the object, check to make sure this command returns at least one valid object.
Finished Parsing XDC File [C:/Users/aebol/OneDrive/Documents/Vivado/hw/hw.srcs/constrs_1/imports/constraints/Basys3_Master.xdc]
INFO: [Project 1-236] Implementation specific constraints were found while reading constraint file [C:/Users/aebol/OneDrive/Documents/Vivado/hw/hw.srcs/constrs_1/imports/constraints/Basys3_Master.xdc]. These constraints will be ignored for synthesis but will be used in implementation. Impacted constraints are listed in the file [.Xil/moduloPrincipal_propImpl.xdc].
Resolution: To avoid this warning, move constraints listed in [.Xil/moduloPrincipal_propImpl.xdc] to another XDC file and exclude this new file from synthesis with the used_in_synthesis property (File Properties dialog in GUI) and re-run elaboration/synthesis.
Completed Processing XDC Constraints

Netlist sorting complete. Time (s): cpu = 00:00:00 ; elapsed = 00:00:00.024 . Memory (MB): peak = 1389.457 ; gain = 0.000
INFO: [Project 1-111] Unisim Transformation Summary:
No Unisim elements were transformed.

Constraint Validation Runtime : Time (s): cpu = 00:00:01 ; elapsed = 00:00:01 . Memory (MB): peak = 1389.457 ; gain = 0.000
---------------------------------------------------------------------------------
Finished Constraint Validation : Time (s): cpu = 00:00:59 ; elapsed = 00:01:36 . Memory (MB): peak = 1389.457 ; gain = 890.828
---------------------------------------------------------------------------------
---------------------------------------------------------------------------------
Start Loading Part and Timing Information
---------------------------------------------------------------------------------
Loading part: xc7k70tfbv676-1
---------------------------------------------------------------------------------
Finished Loading Part and Timing Information : Time (s): cpu = 00:00:59 ; elapsed = 00:01:36 . Memory (MB): peak = 1389.457 ; gain = 890.828
---------------------------------------------------------------------------------
---------------------------------------------------------------------------------
Start Applying 'set_property' XDC Constraints
---------------------------------------------------------------------------------
---------------------------------------------------------------------------------
Finished applying 'set_property' XDC Constraints : Time (s): cpu = 00:00:59 ; elapsed = 00:01:36 . Memory (MB): peak = 1389.457 ; gain = 890.828
---------------------------------------------------------------------------------
---------------------------------------------------------------------------------
Finished RTL Optimization Phase 2 : Time (s): cpu = 00:03:34 ; elapsed = 00:05:55 . Memory (MB): peak = 1389.457 ; gain = 890.828
---------------------------------------------------------------------------------

Report RTL Partitions: 
+------+-----------------------------------+------------+----------+
|      |RTL Partition                      |Replication |Instances |
+------+-----------------------------------+------------+----------+
|1     |case__21_moduloReceptorUART__GD    |           1|     31251|
|2     |moduloReceptorUART__GB1            |           1|     31250|
|3     |moduloReceptorUART__GB2            |           1|     10544|
|4     |moduloReceptorUART__GB3            |           1|     31251|
|5     |datapath__5_moduloReceptorUART__GD |           1|     31250|
|6     |moduloTransmisorUART               |           1|     20995|
|7     |moduloPrincipal__GC0               |           1|       464|
+------+-----------------------------------+------------+----------+
---------------------------------------------------------------------------------
Start RTL Component Statistics 
---------------------------------------------------------------------------------
INFO: [Synth 8-3538] Detected potentially large (wide) register registroContadorCiclosReloj_reg [C:/Users/aebol/OneDrive/Desktop/Laboratorio4/Codigo Fuente/moduloTransmisorUART.sv:22]
INFO: [Synth 8-3538] Detected potentially large (wide) register registroContadorCiclosReloj_reg [C:/Users/aebol/OneDrive/Desktop/Laboratorio4/Codigo Fuente/moduloReceptorUART.sv:24]
INFO: [Synth 8-3538] Detected potentially large (wide) register registroContadorCiclosReloj_reg [C:/Users/aebol/OneDrive/Desktop/Laboratorio4/Codigo Fuente/moduloTransmisorUART.sv:22]
INFO: [Synth 8-3538] Detected potentially large (wide) register registroContadorCiclosReloj_reg [C:/Users/aebol/OneDrive/Desktop/Laboratorio4/Codigo Fuente/moduloReceptorUART.sv:24]
INFO: [Synth 8-3538] Detected potentially large (wide) register registroContadorCiclosReloj_reg [C:/Users/aebol/OneDrive/Desktop/Laboratorio4/Codigo Fuente/moduloTransmisorUART.sv:22]
INFO: [Synth 8-3538] Detected potentially large (wide) register registroContadorCiclosReloj_reg [C:/Users/aebol/OneDrive/Desktop/Laboratorio4/Codigo Fuente/moduloReceptorUART.sv:24]
Detailed RTL Component Info : 
+---Adders : 
	   2 Input  10417 Bit       Adders := 3     
	   2 Input     30 Bit       Adders := 1     
	   2 Input     14 Bit       Adders := 3     
	   2 Input      4 Bit       Adders := 8     
+---Registers : 
	            10417 Bit    Registers := 6     
	                8 Bit    Registers := 12    
	                7 Bit    Registers := 2     
	                4 Bit    Registers := 3     
	                3 Bit    Registers := 3     
	                2 Bit    Registers := 3     
	                1 Bit    Registers := 10    
+---Muxes : 
	   6 Input  10417 Bit        Muxes := 3     
	   2 Input  10417 Bit        Muxes := 3     
	   2 Input     14 Bit        Muxes := 6     
	   6 Input      8 Bit        Muxes := 6     
	   2 Input      8 Bit        Muxes := 3     
	   2 Input      4 Bit        Muxes := 9     
	   2 Input      3 Bit        Muxes := 3     
	   2 Input      2 Bit        Muxes := 15    
	   6 Input      2 Bit        Muxes := 3     
	   3 Input      2 Bit        Muxes := 3     
	   4 Input      1 Bit        Muxes := 12    
	   2 Input      1 Bit        Muxes := 33    
	   6 Input      1 Bit        Muxes := 9     
---------------------------------------------------------------------------------
Finished RTL Component Statistics 
---------------------------------------------------------------------------------
---------------------------------------------------------------------------------
Start RTL Hierarchical Component Statistics 
---------------------------------------------------------------------------------
INFO: [Synth 8-3538] Detected potentially large (wide) register registroContadorCiclosReloj_reg [C:/Users/aebol/OneDrive/Desktop/Laboratorio4/Codigo Fuente/moduloTransmisorUART.sv:22]
INFO: [Synth 8-3538] Detected potentially large (wide) register registroContadorCiclosReloj_reg [C:/Users/aebol/OneDrive/Desktop/Laboratorio4/Codigo Fuente/moduloReceptorUART.sv:24]
Hierarchical RTL Component report 
Module moduloTransmisorUART 
Detailed RTL Component Info : 
+---Adders : 
	   2 Input     14 Bit       Adders := 1     
	   2 Input      4 Bit       Adders := 1     
+---Registers : 
	            10417 Bit    Registers := 1     
	                8 Bit    Registers := 2     
	                2 Bit    Registers := 1     
	                1 Bit    Registers := 1     
+---Muxes : 
	   2 Input     14 Bit        Muxes := 2     
	   2 Input      4 Bit        Muxes := 2     
	   2 Input      2 Bit        Muxes := 3     
	   6 Input      2 Bit        Muxes := 1     
	   4 Input      1 Bit        Muxes := 4     
	   2 Input      1 Bit        Muxes := 3     
Module moduloReceptorUART 
Detailed RTL Component Info : 
+---Adders : 
	   2 Input  10417 Bit       Adders := 1     
	   2 Input      4 Bit       Adders := 1     
+---Registers : 
	            10417 Bit    Registers := 1     
	                8 Bit    Registers := 2     
	                3 Bit    Registers := 1     
	                1 Bit    Registers := 1     
+---Muxes : 
	   6 Input  10417 Bit        Muxes := 1     
	   2 Input  10417 Bit        Muxes := 1     
	   6 Input      8 Bit        Muxes := 2     
	   2 Input      8 Bit        Muxes := 1     
	   2 Input      4 Bit        Muxes := 1     
	   2 Input      3 Bit        Muxes := 1     
	   3 Input      2 Bit        Muxes := 1     
	   2 Input      2 Bit        Muxes := 2     
	   2 Input      1 Bit        Muxes := 4     
	   6 Input      1 Bit        Muxes := 3     
Module moduloProcesador 
Detailed RTL Component Info : 
+---Adders : 
	   2 Input      4 Bit       Adders := 2     
+---Registers : 
	                4 Bit    Registers := 3     
	                1 Bit    Registers := 3     
+---Muxes : 
	   2 Input      1 Bit        Muxes := 11    
Module moduloAntirebote 
Detailed RTL Component Info : 
+---Adders : 
	   2 Input     30 Bit       Adders := 1     
+---Registers : 
	                1 Bit    Registers := 1     
+---Muxes : 
	   2 Input      1 Bit        Muxes := 1     
Module moduloHexadecimalDisplaySieteSegmentos__1 
Detailed RTL Component Info : 
+---Registers : 
	                7 Bit    Registers := 1     
Module moduloHexadecimalDisplaySieteSegmentos 
Detailed RTL Component Info : 
+---Registers : 
	                7 Bit    Registers := 1     
---------------------------------------------------------------------------------
Finished RTL Hierarchical Component Statistics
---------------------------------------------------------------------------------
---------------------------------------------------------------------------------
Start Part Resource Summary
---------------------------------------------------------------------------------
Part Resources:
DSPs: 240 (col length:80)
BRAMs: 270 (col length: RAMB18 80 RAMB36 40)
---------------------------------------------------------------------------------
Finished Part Resource Summary
---------------------------------------------------------------------------------
INFO: [Synth 8-5580] Multithreading enabled for synth_design using a maximum of 2 processes.
---------------------------------------------------------------------------------
Start Cross Boundary and Area Optimization
---------------------------------------------------------------------------------
CRITICAL WARNING: [Synth 8-6859] multi-driven net on pin Q with 1st driver pin 'i_0/moduloAntireboteBotonEnviar/registroCantidadCiclosReloj_reg[29]/Q' [C:/Users/aebol/OneDrive/Desktop/Laboratorio4/Codigo Fuente/moduloAntirebote.sv:16]
CRITICAL WARNING: [Synth 8-6859] multi-driven net on pin Q with 2nd driver pin 'GND' [C:/Users/aebol/OneDrive/Desktop/Laboratorio4/Codigo Fuente/moduloAntirebote.sv:16]
CRITICAL WARNING: [Synth 8-6858] multi-driven net Q is connected to at least one constant driver which has been preserved, other driver is ignored [C:/Users/aebol/OneDrive/Desktop/Laboratorio4/Codigo Fuente/moduloAntirebote.sv:16]
CRITICAL WARNING: [Synth 8-6859] multi-driven net on pin Q with 1st driver pin 'i_0/moduloAntireboteBotonEnviar/registroCantidadCiclosReloj_reg[28]/Q' [C:/Users/aebol/OneDrive/Desktop/Laboratorio4/Codigo Fuente/moduloAntirebote.sv:16]
CRITICAL WARNING: [Synth 8-6859] multi-driven net on pin Q with 2nd driver pin 'GND' [C:/Users/aebol/OneDrive/Desktop/Laboratorio4/Codigo Fuente/moduloAntirebote.sv:16]
CRITICAL WARNING: [Synth 8-6858] multi-driven net Q is connected to at least one constant driver which has been preserved, other driver is ignored [C:/Users/aebol/OneDrive/Desktop/Laboratorio4/Codigo Fuente/moduloAntirebote.sv:16]
CRITICAL WARNING: [Synth 8-6859] multi-driven net on pin Q with 1st driver pin 'i_0/moduloAntireboteBotonEnviar/registroCantidadCiclosReloj_reg[27]/Q' [C:/Users/aebol/OneDrive/Desktop/Laboratorio4/Codigo Fuente/moduloAntirebote.sv:16]
CRITICAL WARNING: [Synth 8-6859] multi-driven net on pin Q with 2nd driver pin 'GND' [C:/Users/aebol/OneDrive/Desktop/Laboratorio4/Codigo Fuente/moduloAntirebote.sv:16]
CRITICAL WARNING: [Synth 8-6858] multi-driven net Q is connected to at least one constant driver which has been preserved, other driver is ignored [C:/Users/aebol/OneDrive/Desktop/Laboratorio4/Codigo Fuente/moduloAntirebote.sv:16]
CRITICAL WARNING: [Synth 8-6859] multi-driven net on pin Q with 1st driver pin 'i_0/moduloAntireboteBotonEnviar/registroCantidadCiclosReloj_reg[26]/Q' [C:/Users/aebol/OneDrive/Desktop/Laboratorio4/Codigo Fuente/moduloAntirebote.sv:16]
CRITICAL WARNING: [Synth 8-6859] multi-driven net on pin Q with 2nd driver pin 'GND' [C:/Users/aebol/OneDrive/Desktop/Laboratorio4/Codigo Fuente/moduloAntirebote.sv:16]
CRITICAL WARNING: [Synth 8-6858] multi-driven net Q is connected to at least one constant driver which has been preserved, other driver is ignored [C:/Users/aebol/OneDrive/Desktop/Laboratorio4/Codigo Fuente/moduloAntirebote.sv:16]
CRITICAL WARNING: [Synth 8-6859] multi-driven net on pin Q with 1st driver pin 'i_0/moduloAntireboteBotonEnviar/registroCantidadCiclosReloj_reg[25]/Q' [C:/Users/aebol/OneDrive/Desktop/Laboratorio4/Codigo Fuente/moduloAntirebote.sv:16]
CRITICAL WARNING: [Synth 8-6859] multi-driven net on pin Q with 2nd driver pin 'GND' [C:/Users/aebol/OneDrive/Desktop/Laboratorio4/Codigo Fuente/moduloAntirebote.sv:16]
CRITICAL WARNING: [Synth 8-6858] multi-driven net Q is connected to at least one constant driver which has been preserved, other driver is ignored [C:/Users/aebol/OneDrive/Desktop/Laboratorio4/Codigo Fuente/moduloAntirebote.sv:16]
CRITICAL WARNING: [Synth 8-6859] multi-driven net on pin Q with 1st driver pin 'i_0/moduloAntireboteBotonEnviar/registroCantidadCiclosReloj_reg[24]/Q' [C:/Users/aebol/OneDrive/Desktop/Laboratorio4/Codigo Fuente/moduloAntirebote.sv:16]
CRITICAL WARNING: [Synth 8-6859] multi-driven net on pin Q with 2nd driver pin 'GND' [C:/Users/aebol/OneDrive/Desktop/Laboratorio4/Codigo Fuente/moduloAntirebote.sv:16]
CRITICAL WARNING: [Synth 8-6858] multi-driven net Q is connected to at least one constant driver which has been preserved, other driver is ignored [C:/Users/aebol/OneDrive/Desktop/Laboratorio4/Codigo Fuente/moduloAntirebote.sv:16]
CRITICAL WARNING: [Synth 8-6859] multi-driven net on pin Q with 1st driver pin 'i_0/moduloAntireboteBotonEnviar/registroCantidadCiclosReloj_reg[23]/Q' [C:/Users/aebol/OneDrive/Desktop/Laboratorio4/Codigo Fuente/moduloAntirebote.sv:16]
CRITICAL WARNING: [Synth 8-6859] multi-driven net on pin Q with 2nd driver pin 'GND' [C:/Users/aebol/OneDrive/Desktop/Laboratorio4/Codigo Fuente/moduloAntirebote.sv:16]
CRITICAL WARNING: [Synth 8-6858] multi-driven net Q is connected to at least one constant driver which has been preserved, other driver is ignored [C:/Users/aebol/OneDrive/Desktop/Laboratorio4/Codigo Fuente/moduloAntirebote.sv:16]
CRITICAL WARNING: [Synth 8-6859] multi-driven net on pin Q with 1st driver pin 'i_0/moduloAntireboteBotonEnviar/registroCantidadCiclosReloj_reg[22]/Q' [C:/Users/aebol/OneDrive/Desktop/Laboratorio4/Codigo Fuente/moduloAntirebote.sv:16]
CRITICAL WARNING: [Synth 8-6859] multi-driven net on pin Q with 2nd driver pin 'GND' [C:/Users/aebol/OneDrive/Desktop/Laboratorio4/Codigo Fuente/moduloAntirebote.sv:16]
CRITICAL WARNING: [Synth 8-6858] multi-driven net Q is connected to at least one constant driver which has been preserved, other driver is ignored [C:/Users/aebol/OneDrive/Desktop/Laboratorio4/Codigo Fuente/moduloAntirebote.sv:16]
CRITICAL WARNING: [Synth 8-6859] multi-driven net on pin Q with 1st driver pin 'i_0/moduloAntireboteBotonEnviar/registroCantidadCiclosReloj_reg[21]/Q' [C:/Users/aebol/OneDrive/Desktop/Laboratorio4/Codigo Fuente/moduloAntirebote.sv:16]
CRITICAL WARNING: [Synth 8-6859] multi-driven net on pin Q with 2nd driver pin 'GND' [C:/Users/aebol/OneDrive/Desktop/Laboratorio4/Codigo Fuente/moduloAntirebote.sv:16]
CRITICAL WARNING: [Synth 8-6858] multi-driven net Q is connected to at least one constant driver which has been preserved, other driver is ignored [C:/Users/aebol/OneDrive/Desktop/Laboratorio4/Codigo Fuente/moduloAntirebote.sv:16]
CRITICAL WARNING: [Synth 8-6859] multi-driven net on pin Q with 1st driver pin 'i_0/moduloAntireboteBotonEnviar/registroCantidadCiclosReloj_reg[20]/Q' [C:/Users/aebol/OneDrive/Desktop/Laboratorio4/Codigo Fuente/moduloAntirebote.sv:16]
CRITICAL WARNING: [Synth 8-6859] multi-driven net on pin Q with 2nd driver pin 'GND' [C:/Users/aebol/OneDrive/Desktop/Laboratorio4/Codigo Fuente/moduloAntirebote.sv:16]
CRITICAL WARNING: [Synth 8-6858] multi-driven net Q is connected to at least one constant driver which has been preserved, other driver is ignored [C:/Users/aebol/OneDrive/Desktop/Laboratorio4/Codigo Fuente/moduloAntirebote.sv:16]
CRITICAL WARNING: [Synth 8-6859] multi-driven net on pin Q with 1st driver pin 'i_0/moduloAntireboteBotonEnviar/registroCantidadCiclosReloj_reg[19]/Q' [C:/Users/aebol/OneDrive/Desktop/Laboratorio4/Codigo Fuente/moduloAntirebote.sv:16]
CRITICAL WARNING: [Synth 8-6859] multi-driven net on pin Q with 2nd driver pin 'GND' [C:/Users/aebol/OneDrive/Desktop/Laboratorio4/Codigo Fuente/moduloAntirebote.sv:16]
CRITICAL WARNING: [Synth 8-6858] multi-driven net Q is connected to at least one constant driver which has been preserved, other driver is ignored [C:/Users/aebol/OneDrive/Desktop/Laboratorio4/Codigo Fuente/moduloAntirebote.sv:16]
CRITICAL WARNING: [Synth 8-6859] multi-driven net on pin Q with 1st driver pin 'i_0/moduloAntireboteBotonEnviar/registroCantidadCiclosReloj_reg[18]/Q' [C:/Users/aebol/OneDrive/Desktop/Laboratorio4/Codigo Fuente/moduloAntirebote.sv:16]
CRITICAL WARNING: [Synth 8-6859] multi-driven net on pin Q with 2nd driver pin 'GND' [C:/Users/aebol/OneDrive/Desktop/Laboratorio4/Codigo Fuente/moduloAntirebote.sv:16]
CRITICAL WARNING: [Synth 8-6858] multi-driven net Q is connected to at least one constant driver which has been preserved, other driver is ignored [C:/Users/aebol/OneDrive/Desktop/Laboratorio4/Codigo Fuente/moduloAntirebote.sv:16]
CRITICAL WARNING: [Synth 8-6859] multi-driven net on pin Q with 1st driver pin 'i_0/moduloAntireboteBotonEnviar/registroCantidadCiclosReloj_reg[17]/Q' [C:/Users/aebol/OneDrive/Desktop/Laboratorio4/Codigo Fuente/moduloAntirebote.sv:16]
CRITICAL WARNING: [Synth 8-6859] multi-driven net on pin Q with 2nd driver pin 'GND' [C:/Users/aebol/OneDrive/Desktop/Laboratorio4/Codigo Fuente/moduloAntirebote.sv:16]
CRITICAL WARNING: [Synth 8-6858] multi-driven net Q is connected to at least one constant driver which has been preserved, other driver is ignored [C:/Users/aebol/OneDrive/Desktop/Laboratorio4/Codigo Fuente/moduloAntirebote.sv:16]
CRITICAL WARNING: [Synth 8-6859] multi-driven net on pin Q with 1st driver pin 'i_0/moduloAntireboteBotonEnviar/registroCantidadCiclosReloj_reg[16]/Q' [C:/Users/aebol/OneDrive/Desktop/Laboratorio4/Codigo Fuente/moduloAntirebote.sv:16]
CRITICAL WARNING: [Synth 8-6859] multi-driven net on pin Q with 2nd driver pin 'GND' [C:/Users/aebol/OneDrive/Desktop/Laboratorio4/Codigo Fuente/moduloAntirebote.sv:16]
CRITICAL WARNING: [Synth 8-6858] multi-driven net Q is connected to at least one constant driver which has been preserved, other driver is ignored [C:/Users/aebol/OneDrive/Desktop/Laboratorio4/Codigo Fuente/moduloAntirebote.sv:16]
CRITICAL WARNING: [Synth 8-6859] multi-driven net on pin Q with 1st driver pin 'i_0/moduloAntireboteBotonEnviar/registroCantidadCiclosReloj_reg[15]/Q' [C:/Users/aebol/OneDrive/Desktop/Laboratorio4/Codigo Fuente/moduloAntirebote.sv:16]
CRITICAL WARNING: [Synth 8-6859] multi-driven net on pin Q with 2nd driver pin 'GND' [C:/Users/aebol/OneDrive/Desktop/Laboratorio4/Codigo Fuente/moduloAntirebote.sv:16]
CRITICAL WARNING: [Synth 8-6858] multi-driven net Q is connected to at least one constant driver which has been preserved, other driver is ignored [C:/Users/aebol/OneDrive/Desktop/Laboratorio4/Codigo Fuente/moduloAntirebote.sv:16]
CRITICAL WARNING: [Synth 8-6859] multi-driven net on pin Q with 1st driver pin 'i_0/moduloAntireboteBotonEnviar/registroCantidadCiclosReloj_reg[14]/Q' [C:/Users/aebol/OneDrive/Desktop/Laboratorio4/Codigo Fuente/moduloAntirebote.sv:16]
CRITICAL WARNING: [Synth 8-6859] multi-driven net on pin Q with 2nd driver pin 'GND' [C:/Users/aebol/OneDrive/Desktop/Laboratorio4/Codigo Fuente/moduloAntirebote.sv:16]
CRITICAL WARNING: [Synth 8-6858] multi-driven net Q is connected to at least one constant driver which has been preserved, other driver is ignored [C:/Users/aebol/OneDrive/Desktop/Laboratorio4/Codigo Fuente/moduloAntirebote.sv:16]
CRITICAL WARNING: [Synth 8-6859] multi-driven net on pin Q with 1st driver pin 'i_0/moduloAntireboteBotonEnviar/registroCantidadCiclosReloj_reg[13]/Q' [C:/Users/aebol/OneDrive/Desktop/Laboratorio4/Codigo Fuente/moduloAntirebote.sv:16]
CRITICAL WARNING: [Synth 8-6859] multi-driven net on pin Q with 2nd driver pin 'GND' [C:/Users/aebol/OneDrive/Desktop/Laboratorio4/Codigo Fuente/moduloAntirebote.sv:16]
CRITICAL WARNING: [Synth 8-6858] multi-driven net Q is connected to at least one constant driver which has been preserved, other driver is ignored [C:/Users/aebol/OneDrive/Desktop/Laboratorio4/Codigo Fuente/moduloAntirebote.sv:16]
CRITICAL WARNING: [Synth 8-6859] multi-driven net on pin Q with 1st driver pin 'i_0/moduloAntireboteBotonEnviar/registroCantidadCiclosReloj_reg[12]/Q' [C:/Users/aebol/OneDrive/Desktop/Laboratorio4/Codigo Fuente/moduloAntirebote.sv:16]
CRITICAL WARNING: [Synth 8-6859] multi-driven net on pin Q with 2nd driver pin 'GND' [C:/Users/aebol/OneDrive/Desktop/Laboratorio4/Codigo Fuente/moduloAntirebote.sv:16]
CRITICAL WARNING: [Synth 8-6858] multi-driven net Q is connected to at least one constant driver which has been preserved, other driver is ignored [C:/Users/aebol/OneDrive/Desktop/Laboratorio4/Codigo Fuente/moduloAntirebote.sv:16]
CRITICAL WARNING: [Synth 8-6859] multi-driven net on pin Q with 1st driver pin 'i_0/moduloAntireboteBotonEnviar/registroCantidadCiclosReloj_reg[11]/Q' [C:/Users/aebol/OneDrive/Desktop/Laboratorio4/Codigo Fuente/moduloAntirebote.sv:16]
CRITICAL WARNING: [Synth 8-6859] multi-driven net on pin Q with 2nd driver pin 'GND' [C:/Users/aebol/OneDrive/Desktop/Laboratorio4/Codigo Fuente/moduloAntirebote.sv:16]
CRITICAL WARNING: [Synth 8-6858] multi-driven net Q is connected to at least one constant driver which has been preserved, other driver is ignored [C:/Users/aebol/OneDrive/Desktop/Laboratorio4/Codigo Fuente/moduloAntirebote.sv:16]
CRITICAL WARNING: [Synth 8-6859] multi-driven net on pin Q with 1st driver pin 'i_0/moduloAntireboteBotonEnviar/registroCantidadCiclosReloj_reg[10]/Q' [C:/Users/aebol/OneDrive/Desktop/Laboratorio4/Codigo Fuente/moduloAntirebote.sv:16]
CRITICAL WARNING: [Synth 8-6859] multi-driven net on pin Q with 2nd driver pin 'GND' [C:/Users/aebol/OneDrive/Desktop/Laboratorio4/Codigo Fuente/moduloAntirebote.sv:16]
CRITICAL WARNING: [Synth 8-6858] multi-driven net Q is connected to at least one constant driver which has been preserved, other driver is ignored [C:/Users/aebol/OneDrive/Desktop/Laboratorio4/Codigo Fuente/moduloAntirebote.sv:16]
CRITICAL WARNING: [Synth 8-6859] multi-driven net on pin Q with 1st driver pin 'i_0/moduloAntireboteBotonEnviar/registroCantidadCiclosReloj_reg[9]/Q' [C:/Users/aebol/OneDrive/Desktop/Laboratorio4/Codigo Fuente/moduloAntirebote.sv:16]
CRITICAL WARNING: [Synth 8-6859] multi-driven net on pin Q with 2nd driver pin 'GND' [C:/Users/aebol/OneDrive/Desktop/Laboratorio4/Codigo Fuente/moduloAntirebote.sv:16]
CRITICAL WARNING: [Synth 8-6858] multi-driven net Q is connected to at least one constant driver which has been preserved, other driver is ignored [C:/Users/aebol/OneDrive/Desktop/Laboratorio4/Codigo Fuente/moduloAntirebote.sv:16]
CRITICAL WARNING: [Synth 8-6859] multi-driven net on pin Q with 1st driver pin 'i_0/moduloAntireboteBotonEnviar/registroCantidadCiclosReloj_reg[8]/Q' [C:/Users/aebol/OneDrive/Desktop/Laboratorio4/Codigo Fuente/moduloAntirebote.sv:16]
CRITICAL WARNING: [Synth 8-6859] multi-driven net on pin Q with 2nd driver pin 'GND' [C:/Users/aebol/OneDrive/Desktop/Laboratorio4/Codigo Fuente/moduloAntirebote.sv:16]
CRITICAL WARNING: [Synth 8-6858] multi-driven net Q is connected to at least one constant driver which has been preserved, other driver is ignored [C:/Users/aebol/OneDrive/Desktop/Laboratorio4/Codigo Fuente/moduloAntirebote.sv:16]
CRITICAL WARNING: [Synth 8-6859] multi-driven net on pin Q with 1st driver pin 'i_0/moduloAntireboteBotonEnviar/registroCantidadCiclosReloj_reg[7]/Q' [C:/Users/aebol/OneDrive/Desktop/Laboratorio4/Codigo Fuente/moduloAntirebote.sv:16]
CRITICAL WARNING: [Synth 8-6859] multi-driven net on pin Q with 2nd driver pin 'GND' [C:/Users/aebol/OneDrive/Desktop/Laboratorio4/Codigo Fuente/moduloAntirebote.sv:16]
CRITICAL WARNING: [Synth 8-6858] multi-driven net Q is connected to at least one constant driver which has been preserved, other driver is ignored [C:/Users/aebol/OneDrive/Desktop/Laboratorio4/Codigo Fuente/moduloAntirebote.sv:16]
CRITICAL WARNING: [Synth 8-6859] multi-driven net on pin Q with 1st driver pin 'i_0/moduloAntireboteBotonEnviar/registroCantidadCiclosReloj_reg[6]/Q' [C:/Users/aebol/OneDrive/Desktop/Laboratorio4/Codigo Fuente/moduloAntirebote.sv:16]
CRITICAL WARNING: [Synth 8-6859] multi-driven net on pin Q with 2nd driver pin 'GND' [C:/Users/aebol/OneDrive/Desktop/Laboratorio4/Codigo Fuente/moduloAntirebote.sv:16]
CRITICAL WARNING: [Synth 8-6858] multi-driven net Q is connected to at least one constant driver which has been preserved, other driver is ignored [C:/Users/aebol/OneDrive/Desktop/Laboratorio4/Codigo Fuente/moduloAntirebote.sv:16]
CRITICAL WARNING: [Synth 8-6859] multi-driven net on pin Q with 1st driver pin 'i_0/moduloAntireboteBotonEnviar/registroCantidadCiclosReloj_reg[5]/Q' [C:/Users/aebol/OneDrive/Desktop/Laboratorio4/Codigo Fuente/moduloAntirebote.sv:16]
CRITICAL WARNING: [Synth 8-6859] multi-driven net on pin Q with 2nd driver pin 'GND' [C:/Users/aebol/OneDrive/Desktop/Laboratorio4/Codigo Fuente/moduloAntirebote.sv:16]
CRITICAL WARNING: [Synth 8-6858] multi-driven net Q is connected to at least one constant driver which has been preserved, other driver is ignored [C:/Users/aebol/OneDrive/Desktop/Laboratorio4/Codigo Fuente/moduloAntirebote.sv:16]
CRITICAL WARNING: [Synth 8-6859] multi-driven net on pin Q with 1st driver pin 'i_0/moduloAntireboteBotonEnviar/registroCantidadCiclosReloj_reg[4]/Q' [C:/Users/aebol/OneDrive/Desktop/Laboratorio4/Codigo Fuente/moduloAntirebote.sv:16]
CRITICAL WARNING: [Synth 8-6859] multi-driven net on pin Q with 2nd driver pin 'GND' [C:/Users/aebol/OneDrive/Desktop/Laboratorio4/Codigo Fuente/moduloAntirebote.sv:16]
CRITICAL WARNING: [Synth 8-6858] multi-driven net Q is connected to at least one constant driver which has been preserved, other driver is ignored [C:/Users/aebol/OneDrive/Desktop/Laboratorio4/Codigo Fuente/moduloAntirebote.sv:16]
CRITICAL WARNING: [Synth 8-6859] multi-driven net on pin Q with 1st driver pin 'i_0/moduloAntireboteBotonEnviar/registroCantidadCiclosReloj_reg[3]/Q' [C:/Users/aebol/OneDrive/Desktop/Laboratorio4/Codigo Fuente/moduloAntirebote.sv:16]
CRITICAL WARNING: [Synth 8-6859] multi-driven net on pin Q with 2nd driver pin 'GND' [C:/Users/aebol/OneDrive/Desktop/Laboratorio4/Codigo Fuente/moduloAntirebote.sv:16]
CRITICAL WARNING: [Synth 8-6858] multi-driven net Q is connected to at least one constant driver which has been preserved, other driver is ignored [C:/Users/aebol/OneDrive/Desktop/Laboratorio4/Codigo Fuente/moduloAntirebote.sv:16]
CRITICAL WARNING: [Synth 8-6859] multi-driven net on pin Q with 1st driver pin 'i_0/moduloAntireboteBotonEnviar/registroCantidadCiclosReloj_reg[2]/Q' [C:/Users/aebol/OneDrive/Desktop/Laboratorio4/Codigo Fuente/moduloAntirebote.sv:16]
CRITICAL WARNING: [Synth 8-6859] multi-driven net on pin Q with 2nd driver pin 'GND' [C:/Users/aebol/OneDrive/Desktop/Laboratorio4/Codigo Fuente/moduloAntirebote.sv:16]
CRITICAL WARNING: [Synth 8-6858] multi-driven net Q is connected to at least one constant driver which has been preserved, other driver is ignored [C:/Users/aebol/OneDrive/Desktop/Laboratorio4/Codigo Fuente/moduloAntirebote.sv:16]
CRITICAL WARNING: [Synth 8-6859] multi-driven net on pin Q with 1st driver pin 'i_0/moduloAntireboteBotonEnviar/registroCantidadCiclosReloj_reg[1]/Q' [C:/Users/aebol/OneDrive/Desktop/Laboratorio4/Codigo Fuente/moduloAntirebote.sv:16]
CRITICAL WARNING: [Synth 8-6859] multi-driven net on pin Q with 2nd driver pin 'GND' [C:/Users/aebol/OneDrive/Desktop/Laboratorio4/Codigo Fuente/moduloAntirebote.sv:16]
CRITICAL WARNING: [Synth 8-6858] multi-driven net Q is connected to at least one constant driver which has been preserved, other driver is ignored [C:/Users/aebol/OneDrive/Desktop/Laboratorio4/Codigo Fuente/moduloAntirebote.sv:16]
CRITICAL WARNING: [Synth 8-6859] multi-driven net on pin Q with 1st driver pin 'i_0/moduloAntireboteBotonEnviar/registroCantidadCiclosReloj_reg[0]/Q' [C:/Users/aebol/OneDrive/Desktop/Laboratorio4/Codigo Fuente/moduloAntirebote.sv:16]
CRITICAL WARNING: [Synth 8-6859] multi-driven net on pin Q with 2nd driver pin 'GND' [C:/Users/aebol/OneDrive/Desktop/Laboratorio4/Codigo Fuente/moduloAntirebote.sv:16]
CRITICAL WARNING: [Synth 8-6858] multi-driven net Q is connected to at least one constant driver which has been preserved, other driver is ignored [C:/Users/aebol/OneDrive/Desktop/Laboratorio4/Codigo Fuente/moduloAntirebote.sv:16]
INFO: [Synth 8-3886] merging instance 'registroIndiceBitRecibir_reg[4]' (FDCE) to 'registroIndiceBitRecibir_reg[7]'
INFO: [Synth 8-3886] merging instance 'registroIndiceBitRecibir_reg[5]' (FDCE) to 'registroIndiceBitRecibir_reg[7]'
INFO: [Synth 8-3886] merging instance 'registroIndiceBitRecibir_reg[6]' (FDCE) to 'registroIndiceBitRecibir_reg[7]'
INFO: [Synth 8-3886] merging instance 'registroIndiceBitTransmitir_reg[4]' (FDCE) to 'registroIndiceBitTransmitir_reg[7]'
INFO: [Synth 8-3886] merging instance 'registroIndiceBitTransmitir_reg[5]' (FDCE) to 'registroIndiceBitTransmitir_reg[7]'
INFO: [Synth 8-3886] merging instance 'registroIndiceBitTransmitir_reg[6]' (FDCE) to 'registroIndiceBitTransmitir_reg[7]'
INFO: [Synth 8-3333] propagating constant 0 across sequential element (\registroIndiceBitTransmitir_reg[7] )
INFO: [Synth 8-3333] propagating constant 0 across sequential element (\registroContadorCiclosReloj_reg[10014] )
INFO: [Synth 8-3333] propagating constant 0 across sequential element (\registroContadorCiclosReloj_reg[10015] )
INFO: [Synth 8-3333] propagating constant 0 across sequential element (\registroContadorCiclosReloj_reg[10016] )
INFO: [Synth 8-3333] propagating constant 0 across sequential element (\registroContadorCiclosReloj_reg[10017] )
INFO: [Synth 8-3333] propagating constant 0 across sequential element (\registroContadorCiclosReloj_reg[10018] )
INFO: [Synth 8-3333] propagating constant 0 across sequential element (\registroContadorCiclosReloj_reg[10019] )
INFO: [Synth 8-3333] propagating constant 0 across sequential element (\registroContadorCiclosReloj_reg[10020] )
INFO: [Synth 8-3333] propagating constant 0 across sequential element (\registroContadorCiclosReloj_reg[10021] )
INFO: [Synth 8-3333] propagating constant 0 across sequential element (\registroContadorCiclosReloj_reg[10022] )
INFO: [Synth 8-3333] propagating constant 0 across sequential element (\registroContadorCiclosReloj_reg[10023] )
INFO: [Synth 8-3333] propagating constant 0 across sequential element (\registroContadorCiclosReloj_reg[10024] )
INFO: [Synth 8-3333] propagating constant 0 across sequential element (\registroContadorCiclosReloj_reg[10025] )
INFO: [Synth 8-3333] propagating constant 0 across sequential element (\registroContadorCiclosReloj_reg[10026] )
INFO: [Synth 8-3333] propagating constant 0 across sequential element (\registroContadorCiclosReloj_reg[10027] )
INFO: [Synth 8-3333] propagating constant 0 across sequential element (\registroContadorCiclosReloj_reg[10028] )
INFO: [Synth 8-3333] propagating constant 0 across sequential element (\registroContadorCiclosReloj_reg[10029] )
INFO: [Synth 8-3333] propagating constant 0 across sequential element (\registroContadorCiclosReloj_reg[10030] )
INFO: [Synth 8-3333] propagating constant 0 across sequential element (\registroContadorCiclosReloj_reg[10031] )
INFO: [Synth 8-3333] propagating constant 0 across sequential element (\registroContadorCiclosReloj_reg[10032] )
INFO: [Synth 8-3333] propagating constant 0 across sequential element (\registroContadorCiclosReloj_reg[10033] )
INFO: [Synth 8-3333] propagating constant 0 across sequential element (\registroContadorCiclosReloj_reg[10034] )
INFO: [Synth 8-3333] propagating constant 0 across sequential element (\registroContadorCiclosReloj_reg[10035] )
INFO: [Synth 8-3333] propagating constant 0 across sequential element (\registroContadorCiclosReloj_reg[10036] )
INFO: [Synth 8-3333] propagating constant 0 across sequential element (\registroContadorCiclosReloj_reg[10037] )
INFO: [Synth 8-3333] propagating constant 0 across sequential element (\registroContadorCiclosReloj_reg[10038] )
INFO: [Synth 8-3333] propagating constant 0 across sequential element (\registroContadorCiclosReloj_reg[10039] )
INFO: [Synth 8-3333] propagating constant 0 across sequential element (\registroContadorCiclosReloj_reg[10040] )
INFO: [Synth 8-3333] propagating constant 0 across sequential element (\registroContadorCiclosReloj_reg[10041] )
INFO: [Synth 8-3333] propagating constant 0 across sequential element (\registroContadorCiclosReloj_reg[10042] )
INFO: [Synth 8-3333] propagating constant 0 across sequential element (\registroContadorCiclosReloj_reg[10043] )
INFO: [Synth 8-3333] propagating constant 0 across sequential element (\registroContadorCiclosReloj_reg[10044] )
INFO: [Synth 8-3333] propagating constant 0 across sequential element (\registroContadorCiclosReloj_reg[10045] )
INFO: [Synth 8-3333] propagating constant 0 across sequential element (\registroContadorCiclosReloj_reg[10046] )
INFO: [Synth 8-3333] propagating constant 0 across sequential element (\registroContadorCiclosReloj_reg[10047] )
INFO: [Synth 8-3333] propagating constant 0 across sequential element (\registroContadorCiclosReloj_reg[10048] )
INFO: [Synth 8-3333] propagating constant 0 across sequential element (\registroContadorCiclosReloj_reg[10049] )
INFO: [Synth 8-3333] propagating constant 0 across sequential element (\registroContadorCiclosReloj_reg[10050] )
INFO: [Synth 8-3333] propagating constant 0 across sequential element (\registroContadorCiclosReloj_reg[10051] )
INFO: [Synth 8-3333] propagating constant 0 across sequential element (\registroContadorCiclosReloj_reg[10052] )
INFO: [Synth 8-3333] propagating constant 0 across sequential element (\registroContadorCiclosReloj_reg[10053] )
INFO: [Synth 8-3333] propagating constant 0 across sequential element (\registroContadorCiclosReloj_reg[10054] )
INFO: [Synth 8-3333] propagating constant 0 across sequential element (\registroContadorCiclosReloj_reg[10055] )
INFO: [Synth 8-3333] propagating constant 0 across sequential element (\registroContadorCiclosReloj_reg[10056] )
INFO: [Synth 8-3333] propagating constant 0 across sequential element (\registroContadorCiclosReloj_reg[10057] )
INFO: [Synth 8-3333] propagating constant 0 across sequential element (\registroContadorCiclosReloj_reg[10058] )
INFO: [Synth 8-3333] propagating constant 0 across sequential element (\registroContadorCiclosReloj_reg[10059] )
INFO: [Synth 8-3333] propagating constant 0 across sequential element (\registroContadorCiclosReloj_reg[10060] )
INFO: [Synth 8-3333] propagating constant 0 across sequential element (\registroContadorCiclosReloj_reg[10061] )
INFO: [Synth 8-3333] propagating constant 0 across sequential element (\registroContadorCiclosReloj_reg[10062] )
INFO: [Synth 8-3333] propagating constant 0 across sequential element (\registroContadorCiclosReloj_reg[10063] )
INFO: [Synth 8-3333] propagating constant 0 across sequential element (\registroContadorCiclosReloj_reg[10064] )
INFO: [Synth 8-3333] propagating constant 0 across sequential element (\registroContadorCiclosReloj_reg[10065] )
INFO: [Synth 8-3333] propagating constant 0 across sequential element (\registroContadorCiclosReloj_reg[10066] )
INFO: [Synth 8-3333] propagating constant 0 across sequential element (\registroContadorCiclosReloj_reg[10067] )
INFO: [Synth 8-3333] propagating constant 0 across sequential element (\registroContadorCiclosReloj_reg[10068] )
INFO: [Synth 8-3333] propagating constant 0 across sequential element (\registroContadorCiclosReloj_reg[10069] )
INFO: [Synth 8-3333] propagating constant 0 across sequential element (\registroContadorCiclosReloj_reg[10070] )
INFO: [Synth 8-3333] propagating constant 0 across sequential element (\registroContadorCiclosReloj_reg[10071] )
INFO: [Synth 8-3333] propagating constant 0 across sequential element (\registroContadorCiclosReloj_reg[10072] )
INFO: [Synth 8-3333] propagating constant 0 across sequential element (\registroContadorCiclosReloj_reg[10073] )
INFO: [Synth 8-3333] propagating constant 0 across sequential element (\registroContadorCiclosReloj_reg[10074] )
INFO: [Synth 8-3333] propagating constant 0 across sequential element (\registroContadorCiclosReloj_reg[10075] )
INFO: [Synth 8-3333] propagating constant 0 across sequential element (\registroContadorCiclosReloj_reg[10076] )
INFO: [Synth 8-3333] propagating constant 0 across sequential element (\registroContadorCiclosReloj_reg[10077] )
INFO: [Synth 8-3333] propagating constant 0 across sequential element (\registroContadorCiclosReloj_reg[10078] )
INFO: [Synth 8-3333] propagating constant 0 across sequential element (\registroContadorCiclosReloj_reg[10079] )
INFO: [Synth 8-3333] propagating constant 0 across sequential element (\registroContadorCiclosReloj_reg[10080] )
INFO: [Synth 8-3333] propagating constant 0 across sequential element (\registroContadorCiclosReloj_reg[10081] )
INFO: [Synth 8-3333] propagating constant 0 across sequential element (\registroContadorCiclosReloj_reg[10082] )
INFO: [Synth 8-3333] propagating constant 0 across sequential element (\registroContadorCiclosReloj_reg[10083] )
INFO: [Synth 8-3333] propagating constant 0 across sequential element (\registroContadorCiclosReloj_reg[10084] )
INFO: [Synth 8-3333] propagating constant 0 across sequential element (\registroContadorCiclosReloj_reg[10085] )
INFO: [Synth 8-3333] propagating constant 0 across sequential element (\registroContadorCiclosReloj_reg[10086] )
INFO: [Synth 8-3333] propagating constant 0 across sequential element (\registroContadorCiclosReloj_reg[10087] )
INFO: [Synth 8-3333] propagating constant 0 across sequential element (\registroContadorCiclosReloj_reg[10088] )
INFO: [Synth 8-3333] propagating constant 0 across sequential element (\registroContadorCiclosReloj_reg[10089] )
INFO: [Synth 8-3333] propagating constant 0 across sequential element (\registroContadorCiclosReloj_reg[10090] )
INFO: [Synth 8-3333] propagating constant 0 across sequential element (\registroContadorCiclosReloj_reg[10091] )
INFO: [Synth 8-3333] propagating constant 0 across sequential element (\registroContadorCiclosReloj_reg[10092] )
INFO: [Synth 8-3333] propagating constant 0 across sequential element (\registroContadorCiclosReloj_reg[10093] )
INFO: [Synth 8-3333] propagating constant 0 across sequential element (\registroContadorCiclosReloj_reg[10094] )
INFO: [Synth 8-3333] propagating constant 0 across sequential element (\registroContadorCiclosReloj_reg[10095] )
INFO: [Synth 8-3333] propagating constant 0 across sequential element (\registroContadorCiclosReloj_reg[10096] )
INFO: [Synth 8-3333] propagating constant 0 across sequential element (\registroContadorCiclosReloj_reg[10097] )
INFO: [Synth 8-3333] propagating constant 0 across sequential element (\registroContadorCiclosReloj_reg[10098] )
INFO: [Synth 8-3333] propagating constant 0 across sequential element (\registroContadorCiclosReloj_reg[10099] )
INFO: [Synth 8-3333] propagating constant 0 across sequential element (\registroContadorCiclosReloj_reg[10100] )
INFO: [Synth 8-3333] propagating constant 0 across sequential element (\registroContadorCiclosReloj_reg[10101] )
INFO: [Synth 8-3333] propagating constant 0 across sequential element (\registroContadorCiclosReloj_reg[10102] )
INFO: [Synth 8-3333] propagating constant 0 across sequential element (\registroContadorCiclosReloj_reg[10103] )
INFO: [Synth 8-3333] propagating constant 0 across sequential element (\registroContadorCiclosReloj_reg[10104] )
INFO: [Synth 8-3333] propagating constant 0 across sequential element (\registroContadorCiclosReloj_reg[10105] )
INFO: [Synth 8-3333] propagating constant 0 across sequential element (\registroContadorCiclosReloj_reg[10106] )
INFO: [Synth 8-3333] propagating constant 0 across sequential element (\registroContadorCiclosReloj_reg[10107] )
INFO: [Synth 8-3333] propagating constant 0 across sequential element (\registroContadorCiclosReloj_reg[10108] )
INFO: [Synth 8-3333] propagating constant 0 across sequential element (\registroContadorCiclosReloj_reg[10109] )
INFO: [Synth 8-3333] propagating constant 0 across sequential element (\registroContadorCiclosReloj_reg[10110] )
INFO: [Synth 8-3333] propagating constant 0 across sequential element (\registroContadorCiclosReloj_reg[10111] )
INFO: [Synth 8-3333] propagating constant 0 across sequential element (\registroContadorCiclosReloj_reg[10112] )
INFO: [Common 17-14] Message 'Synth 8-3333' appears 100 times and further instances of the messages will be disabled. Use the Tcl command set_msg_config to change the current settings.
INFO: [Common 17-14] Message 'Synth 8-3333' appears 100 times and further instances of the messages will be disabled. Use the Tcl command set_msg_config to change the current settings.
---------------------------------------------------------------------------------
Finished Cross Boundary and Area Optimization : Time (s): cpu = 00:05:07 ; elapsed = 00:09:25 . Memory (MB): peak = 1389.457 ; gain = 890.828
---------------------------------------------------------------------------------

Report RTL Partitions: 
+------+-----------------------------------+------------+----------+
|      |RTL Partition                      |Replication |Instances |
+------+-----------------------------------+------------+----------+
|1     |case__21_moduloReceptorUART__GD    |           3|     52085|
|2     |moduloReceptorUART__GB1            |           3|     31250|
|3     |moduloReceptorUART__GB2            |           3|     10494|
|4     |moduloReceptorUART__GB3            |           3|     20497|
|5     |datapath__5_moduloReceptorUART__GD |           3|      2605|
|6     |moduloTransmisorUART               |           3|       118|
|7     |moduloPrincipal__GC0               |           1|       133|
+------+-----------------------------------+------------+----------+
---------------------------------------------------------------------------------
Start Applying XDC Timing Constraints
---------------------------------------------------------------------------------
---------------------------------------------------------------------------------
Finished Applying XDC Timing Constraints : Time (s): cpu = 00:05:29 ; elapsed = 00:10:02 . Memory (MB): peak = 1389.457 ; gain = 890.828
---------------------------------------------------------------------------------
---------------------------------------------------------------------------------
Start Timing Optimization
---------------------------------------------------------------------------------
TclStackFree: incorrect freePtr. Call out of sequence?
