
*** Running vivado
    with args -log Laboratorio4.vds -m64 -product Vivado -mode batch -messageDb vivado.pb -notrace -source Laboratorio4.tcl


****** Vivado v2019.1 (64-bit)
  **** SW Build 2552052 on Fri May 24 14:49:42 MDT 2019
  **** IP Build 2548770 on Fri May 24 18:01:18 MDT 2019
    ** Copyright 1986-2019 Xilinx, Inc. All Rights Reserved.

source Laboratorio4.tcl -notrace
Command: synth_design -top Laboratorio4 -part xc7a35tcpg236-1
Starting synth_design
Attempting to get a license for feature 'Synthesis' and/or device 'xc7a35t'
INFO: [Common 17-349] Got license for feature 'Synthesis' and/or device 'xc7a35t'
INFO: [Device 21-403] Loading part xc7a35tcpg236-1
INFO: Launching helper process for spawning children vivado processes
INFO: Helper process launched with PID 26428 
WARNING: [Synth 8-2507] parameter declaration becomes local in moduloReceptorUART with formal parameter declaration list [C:/Users/aebol/OneDrive/Desktop/Laboratorio4/Vivado/Laboratorio4.srcs/sources_1/new/moduloReceptorUART.sv:11]
WARNING: [Synth 8-2507] parameter declaration becomes local in moduloReceptorUART with formal parameter declaration list [C:/Users/aebol/OneDrive/Desktop/Laboratorio4/Vivado/Laboratorio4.srcs/sources_1/new/moduloReceptorUART.sv:12]
WARNING: [Synth 8-2507] parameter declaration becomes local in moduloReceptorUART with formal parameter declaration list [C:/Users/aebol/OneDrive/Desktop/Laboratorio4/Vivado/Laboratorio4.srcs/sources_1/new/moduloReceptorUART.sv:13]
WARNING: [Synth 8-2507] parameter declaration becomes local in moduloReceptorUART with formal parameter declaration list [C:/Users/aebol/OneDrive/Desktop/Laboratorio4/Vivado/Laboratorio4.srcs/sources_1/new/moduloReceptorUART.sv:14]
WARNING: [Synth 8-2507] parameter declaration becomes local in moduloReceptorUART with formal parameter declaration list [C:/Users/aebol/OneDrive/Desktop/Laboratorio4/Vivado/Laboratorio4.srcs/sources_1/new/moduloReceptorUART.sv:15]
WARNING: [Synth 8-2507] parameter declaration becomes local in moduloTransmisorUART with formal parameter declaration list [C:/Users/aebol/OneDrive/Desktop/Laboratorio4/Vivado/Laboratorio4.srcs/sources_1/new/moduloTransmisorUART.sv:11]
WARNING: [Synth 8-2507] parameter declaration becomes local in moduloTransmisorUART with formal parameter declaration list [C:/Users/aebol/OneDrive/Desktop/Laboratorio4/Vivado/Laboratorio4.srcs/sources_1/new/moduloTransmisorUART.sv:12]
WARNING: [Synth 8-2507] parameter declaration becomes local in moduloTransmisorUART with formal parameter declaration list [C:/Users/aebol/OneDrive/Desktop/Laboratorio4/Vivado/Laboratorio4.srcs/sources_1/new/moduloTransmisorUART.sv:13]
WARNING: [Synth 8-2507] parameter declaration becomes local in moduloTransmisorUART with formal parameter declaration list [C:/Users/aebol/OneDrive/Desktop/Laboratorio4/Vivado/Laboratorio4.srcs/sources_1/new/moduloTransmisorUART.sv:14]
---------------------------------------------------------------------------------
Starting RTL Elaboration : Time (s): cpu = 00:00:06 ; elapsed = 00:00:10 . Memory (MB): peak = 681.145 ; gain = 181.020
---------------------------------------------------------------------------------
INFO: [Synth 8-6157] synthesizing module 'Laboratorio4' [C:/Users/aebol/OneDrive/Desktop/Laboratorio4/Vivado/Laboratorio4.srcs/sources_1/new/Laboratorio4.sv:3]
INFO: [Synth 8-6157] synthesizing module 'moduloProcesador' [C:/Users/aebol/OneDrive/Desktop/Laboratorio4/Vivado/Laboratorio4.srcs/sources_1/new/moduloProcesador.sv:3]
INFO: [Synth 8-6155] done synthesizing module 'moduloProcesador' (1#1) [C:/Users/aebol/OneDrive/Desktop/Laboratorio4/Vivado/Laboratorio4.srcs/sources_1/new/moduloProcesador.sv:3]
INFO: [Synth 8-6157] synthesizing module 'moduloUART' [C:/Users/aebol/OneDrive/Desktop/Laboratorio4/Vivado/Laboratorio4.srcs/sources_1/new/moduloUART.sv:3]
INFO: [Synth 8-6157] synthesizing module 'moduloTransmisorUART' [C:/Users/aebol/OneDrive/Desktop/Laboratorio4/Vivado/Laboratorio4.srcs/sources_1/new/moduloTransmisorUART.sv:3]
	Parameter CICLOS_DE_RELOJ_POR_BIT bound to: 10417 - type: integer 
	Parameter CANTIDAD_BITS_TRANSMISION bound to: 8 - type: integer 
	Parameter ESTADO_ESPERA bound to: 2'b00 
	Parameter ESTADO_ENVIANDO_BIT_DE_INICIO bound to: 2'b01 
	Parameter ESTADO_ENVIANDO_INFORMACION bound to: 2'b10 
	Parameter ESTADO_ENVIANDO_BIT_DE_FINALIZACION bound to: 2'b11 
WARNING: [Synth 8-5788] Register lineaTransmisionBits_reg in module moduloTransmisorUART is has both Set and reset with same priority. This may cause simulation mismatches. Consider rewriting code  [C:/Users/aebol/OneDrive/Desktop/Laboratorio4/Vivado/Laboratorio4.srcs/sources_1/new/moduloTransmisorUART.sv:30]
INFO: [Synth 8-6155] done synthesizing module 'moduloTransmisorUART' (2#1) [C:/Users/aebol/OneDrive/Desktop/Laboratorio4/Vivado/Laboratorio4.srcs/sources_1/new/moduloTransmisorUART.sv:3]
INFO: [Synth 8-6157] synthesizing module 'moduloReceptorUART' [C:/Users/aebol/OneDrive/Desktop/Laboratorio4/Vivado/Laboratorio4.srcs/sources_1/new/moduloReceptorUART.sv:3]
	Parameter CICLOS_DE_RELOJ_POR_BIT bound to: 10417 - type: integer 
	Parameter CANTIDAD_BITS_TRANSMISION bound to: 8 - type: integer 
	Parameter ESTADO_ESPERA bound to: 3'b000 
	Parameter ESTADO_RECIBIENDO_BIT_DE_INICIO bound to: 3'b001 
	Parameter ESTADO_RECIBIENDO_INFORMACION bound to: 3'b010 
	Parameter ESTADO_RECIBIENDO_BIT_DE_FINALIZACION bound to: 3'b011 
	Parameter ESTADO_LIMPIEZA bound to: 3'b100 
INFO: [Synth 8-6155] done synthesizing module 'moduloReceptorUART' (3#1) [C:/Users/aebol/OneDrive/Desktop/Laboratorio4/Vivado/Laboratorio4.srcs/sources_1/new/moduloReceptorUART.sv:3]
WARNING: [Synth 8-689] width (8) of port connection 'bitsRecibidos' does not match port width (10) of module 'moduloReceptorUART' [C:/Users/aebol/OneDrive/Desktop/Laboratorio4/Vivado/Laboratorio4.srcs/sources_1/new/moduloUART.sv:31]
INFO: [Synth 8-6155] done synthesizing module 'moduloUART' (4#1) [C:/Users/aebol/OneDrive/Desktop/Laboratorio4/Vivado/Laboratorio4.srcs/sources_1/new/moduloUART.sv:3]
INFO: [Synth 8-6157] synthesizing module 'moduloAntirebote' [C:/Users/aebol/OneDrive/Desktop/Laboratorio4/Vivado/Laboratorio4.srcs/sources_1/new/moduloAntirebote.sv:2]
	Parameter cantidadCiclosRelojNecesarios bound to: 30 - type: integer 
INFO: [Synth 8-6155] done synthesizing module 'moduloAntirebote' (5#1) [C:/Users/aebol/OneDrive/Desktop/Laboratorio4/Vivado/Laboratorio4.srcs/sources_1/new/moduloAntirebote.sv:2]
INFO: [Synth 8-6157] synthesizing module 'moduloHexadecimalDisplaySieteSegmentos' [C:/Users/aebol/OneDrive/Desktop/Laboratorio4/Vivado/Laboratorio4.srcs/sources_1/new/moduloHexadecimalDisplaySieteSegmentos.sv:3]
INFO: [Synth 8-6155] done synthesizing module 'moduloHexadecimalDisplaySieteSegmentos' (6#1) [C:/Users/aebol/OneDrive/Desktop/Laboratorio4/Vivado/Laboratorio4.srcs/sources_1/new/moduloHexadecimalDisplaySieteSegmentos.sv:3]
INFO: [Synth 8-6155] done synthesizing module 'Laboratorio4' (7#1) [C:/Users/aebol/OneDrive/Desktop/Laboratorio4/Vivado/Laboratorio4.srcs/sources_1/new/Laboratorio4.sv:3]
WARNING: [Synth 8-3331] design moduloProcesador has unconnected port datoRecibido[19]
WARNING: [Synth 8-3331] design moduloProcesador has unconnected port datoRecibido[18]
WARNING: [Synth 8-3331] design moduloProcesador has unconnected port datoRecibido[17]
WARNING: [Synth 8-3331] design moduloProcesador has unconnected port datoRecibido[16]
WARNING: [Synth 8-3331] design moduloProcesador has unconnected port datoRecibido[11]
WARNING: [Synth 8-3331] design moduloProcesador has unconnected port datoRecibido[10]
WARNING: [Synth 8-3331] design moduloProcesador has unconnected port datoRecibido[9]
WARNING: [Synth 8-3331] design moduloProcesador has unconnected port datoRecibido[8]
WARNING: [Synth 8-3331] design moduloProcesador has unconnected port datoRecibido[3]
WARNING: [Synth 8-3331] design moduloProcesador has unconnected port datoRecibido[2]
WARNING: [Synth 8-3331] design moduloProcesador has unconnected port datoRecibido[1]
WARNING: [Synth 8-3331] design moduloProcesador has unconnected port datoRecibido[0]
---------------------------------------------------------------------------------
Finished RTL Elaboration : Time (s): cpu = 00:00:08 ; elapsed = 00:00:13 . Memory (MB): peak = 721.043 ; gain = 220.918
---------------------------------------------------------------------------------

Report Check Netlist: 
+------+------------------+-------+---------+-------+------------------+
|      |Item              |Errors |Warnings |Status |Description       |
+------+------------------+-------+---------+-------+------------------+
|1     |multi_driven_nets |      0|        0|Passed |Multi driven nets |
+------+------------------+-------+---------+-------+------------------+
---------------------------------------------------------------------------------
Start Handling Custom Attributes
---------------------------------------------------------------------------------
---------------------------------------------------------------------------------
Finished Handling Custom Attributes : Time (s): cpu = 00:00:08 ; elapsed = 00:00:13 . Memory (MB): peak = 721.043 ; gain = 220.918
---------------------------------------------------------------------------------
---------------------------------------------------------------------------------
Finished RTL Optimization Phase 1 : Time (s): cpu = 00:00:08 ; elapsed = 00:00:13 . Memory (MB): peak = 721.043 ; gain = 220.918
---------------------------------------------------------------------------------
INFO: [Project 1-570] Preparing netlist for logic optimization

Processing XDC Constraints
Initializing timing engine
Parsing XDC File [C:/Users/aebol/OneDrive/Desktop/Laboratorio4/Vivado/Laboratorio4.srcs/constrs_1/imports/constraints/Basys3_Master.xdc]
WARNING: [Vivado 12-584] No ports matched '1'b1'. [C:/Users/aebol/OneDrive/Desktop/Laboratorio4/Vivado/Laboratorio4.srcs/constrs_1/imports/constraints/Basys3_Master.xdc:91]
CRITICAL WARNING: [Common 17-55] 'set_property' expects at least one object. [C:/Users/aebol/OneDrive/Desktop/Laboratorio4/Vivado/Laboratorio4.srcs/constrs_1/imports/constraints/Basys3_Master.xdc:91]
Resolution: If [get_<value>] was used to populate the object, check to make sure this command returns at least one valid object.
WARNING: [Vivado 12-584] No ports matched '1'b1'. [C:/Users/aebol/OneDrive/Desktop/Laboratorio4/Vivado/Laboratorio4.srcs/constrs_1/imports/constraints/Basys3_Master.xdc:92]
CRITICAL WARNING: [Common 17-55] 'set_property' expects at least one object. [C:/Users/aebol/OneDrive/Desktop/Laboratorio4/Vivado/Laboratorio4.srcs/constrs_1/imports/constraints/Basys3_Master.xdc:92]
Resolution: If [get_<value>] was used to populate the object, check to make sure this command returns at least one valid object.
Finished Parsing XDC File [C:/Users/aebol/OneDrive/Desktop/Laboratorio4/Vivado/Laboratorio4.srcs/constrs_1/imports/constraints/Basys3_Master.xdc]
INFO: [Project 1-236] Implementation specific constraints were found while reading constraint file [C:/Users/aebol/OneDrive/Desktop/Laboratorio4/Vivado/Laboratorio4.srcs/constrs_1/imports/constraints/Basys3_Master.xdc]. These constraints will be ignored for synthesis but will be used in implementation. Impacted constraints are listed in the file [.Xil/Laboratorio4_propImpl.xdc].
Resolution: To avoid this warning, move constraints listed in [.Xil/Laboratorio4_propImpl.xdc] to another XDC file and exclude this new file from synthesis with the used_in_synthesis property (File Properties dialog in GUI) and re-run elaboration/synthesis.
Completed Processing XDC Constraints

Netlist sorting complete. Time (s): cpu = 00:00:00 ; elapsed = 00:00:00 . Memory (MB): peak = 860.566 ; gain = 0.000
INFO: [Project 1-111] Unisim Transformation Summary:
No Unisim elements were transformed.

Constraint Validation Runtime : Time (s): cpu = 00:00:00 ; elapsed = 00:00:00.020 . Memory (MB): peak = 860.566 ; gain = 0.000
---------------------------------------------------------------------------------
Finished Constraint Validation : Time (s): cpu = 00:00:20 ; elapsed = 00:00:29 . Memory (MB): peak = 860.566 ; gain = 360.441
---------------------------------------------------------------------------------
---------------------------------------------------------------------------------
Start Loading Part and Timing Information
---------------------------------------------------------------------------------
Loading part: xc7a35tcpg236-1
---------------------------------------------------------------------------------
Finished Loading Part and Timing Information : Time (s): cpu = 00:00:20 ; elapsed = 00:00:29 . Memory (MB): peak = 860.566 ; gain = 360.441
---------------------------------------------------------------------------------
---------------------------------------------------------------------------------
Start Applying 'set_property' XDC Constraints
---------------------------------------------------------------------------------
---------------------------------------------------------------------------------
Finished applying 'set_property' XDC Constraints : Time (s): cpu = 00:00:20 ; elapsed = 00:00:29 . Memory (MB): peak = 860.566 ; gain = 360.441
---------------------------------------------------------------------------------
---------------------------------------------------------------------------------
Finished RTL Optimization Phase 2 : Time (s): cpu = 00:00:20 ; elapsed = 00:00:30 . Memory (MB): peak = 860.566 ; gain = 360.441
---------------------------------------------------------------------------------

Report RTL Partitions: 
+-+--------------+------------+----------+
| |RTL Partition |Replication |Instances |
+-+--------------+------------+----------+
+-+--------------+------------+----------+
---------------------------------------------------------------------------------
Start RTL Component Statistics 
---------------------------------------------------------------------------------
Detailed RTL Component Info : 
+---Adders : 
	   2 Input     30 Bit       Adders := 1     
	   2 Input     14 Bit       Adders := 6     
	   2 Input      4 Bit       Adders := 8     
+---Registers : 
	               14 Bit    Registers := 6     
	                8 Bit    Registers := 12    
	                7 Bit    Registers := 1     
	                4 Bit    Registers := 3     
	                3 Bit    Registers := 3     
	                2 Bit    Registers := 3     
	                1 Bit    Registers := 10    
+---Muxes : 
	   2 Input     14 Bit        Muxes := 9     
	   6 Input     14 Bit        Muxes := 3     
	   6 Input      8 Bit        Muxes := 6     
	   2 Input      8 Bit        Muxes := 3     
	   2 Input      4 Bit        Muxes := 11    
	   2 Input      3 Bit        Muxes := 3     
	   2 Input      2 Bit        Muxes := 12    
	   6 Input      2 Bit        Muxes := 3     
	   3 Input      2 Bit        Muxes := 3     
	   2 Input      1 Bit        Muxes := 21    
	   4 Input      1 Bit        Muxes := 12    
	   6 Input      1 Bit        Muxes := 9     
---------------------------------------------------------------------------------
Finished RTL Component Statistics 
---------------------------------------------------------------------------------
---------------------------------------------------------------------------------
Start RTL Hierarchical Component Statistics 
---------------------------------------------------------------------------------
Hierarchical RTL Component report 
Module moduloProcesador 
Detailed RTL Component Info : 
+---Adders : 
	   2 Input      4 Bit       Adders := 2     
+---Registers : 
	                4 Bit    Registers := 3     
	                1 Bit    Registers := 3     
+---Muxes : 
	   2 Input      4 Bit        Muxes := 2     
	   2 Input      1 Bit        Muxes := 11    
Module moduloTransmisorUART 
Detailed RTL Component Info : 
+---Adders : 
	   2 Input     14 Bit       Adders := 1     
	   2 Input      4 Bit       Adders := 1     
+---Registers : 
	               14 Bit    Registers := 1     
	                8 Bit    Registers := 2     
	                2 Bit    Registers := 1     
	                1 Bit    Registers := 1     
+---Muxes : 
	   2 Input     14 Bit        Muxes := 2     
	   2 Input      4 Bit        Muxes := 2     
	   2 Input      2 Bit        Muxes := 3     
	   6 Input      2 Bit        Muxes := 1     
	   4 Input      1 Bit        Muxes := 4     
	   2 Input      1 Bit        Muxes := 3     
Module moduloReceptorUART 
Detailed RTL Component Info : 
+---Adders : 
	   2 Input     14 Bit       Adders := 1     
	   2 Input      4 Bit       Adders := 1     
+---Registers : 
	               14 Bit    Registers := 1     
	                8 Bit    Registers := 2     
	                3 Bit    Registers := 1     
	                1 Bit    Registers := 1     
+---Muxes : 
	   2 Input     14 Bit        Muxes := 1     
	   6 Input     14 Bit        Muxes := 1     
	   6 Input      8 Bit        Muxes := 2     
	   2 Input      8 Bit        Muxes := 1     
	   2 Input      4 Bit        Muxes := 1     
	   2 Input      3 Bit        Muxes := 1     
	   2 Input      2 Bit        Muxes := 1     
	   3 Input      2 Bit        Muxes := 1     
	   6 Input      1 Bit        Muxes := 3     
Module moduloAntirebote 
Detailed RTL Component Info : 
+---Adders : 
	   2 Input     30 Bit       Adders := 1     
+---Registers : 
	                1 Bit    Registers := 1     
+---Muxes : 
	   2 Input      1 Bit        Muxes := 1     
Module moduloHexadecimalDisplaySieteSegmentos 
Detailed RTL Component Info : 
+---Registers : 
	                7 Bit    Registers := 1     
---------------------------------------------------------------------------------
Finished RTL Hierarchical Component Statistics
---------------------------------------------------------------------------------
---------------------------------------------------------------------------------
Start Part Resource Summary
---------------------------------------------------------------------------------
Part Resources:
DSPs: 90 (col length:60)
BRAMs: 100 (col length: RAMB18 60 RAMB36 30)
---------------------------------------------------------------------------------
Finished Part Resource Summary
---------------------------------------------------------------------------------
---------------------------------------------------------------------------------
Start Cross Boundary and Area Optimization
---------------------------------------------------------------------------------
Warning: Parallel synthesis criteria is not met 
INFO: [Synth 8-3886] merging instance 'moduloUARTA/moduloReceptorUARTInstancia/registroIndiceBitRecibir_reg[4]' (FDCE) to 'moduloUARTA/moduloReceptorUARTInstancia/registroIndiceBitRecibir_reg[7]'
INFO: [Synth 8-3886] merging instance 'moduloUARTA/moduloReceptorUARTInstancia/registroIndiceBitRecibir_reg[5]' (FDCE) to 'moduloUARTA/moduloReceptorUARTInstancia/registroIndiceBitRecibir_reg[7]'
INFO: [Synth 8-3886] merging instance 'moduloUARTA/moduloReceptorUARTInstancia/registroIndiceBitRecibir_reg[6]' (FDCE) to 'moduloUARTA/moduloReceptorUARTInstancia/registroIndiceBitRecibir_reg[7]'
INFO: [Synth 8-3333] propagating constant 0 across sequential element (\moduloUARTA/moduloReceptorUARTInstancia/registroIndiceBitRecibir_reg[7] )
INFO: [Synth 8-3886] merging instance 'moduloUARTB/moduloReceptorUARTInstancia/registroIndiceBitRecibir_reg[4]' (FDCE) to 'moduloUARTB/moduloReceptorUARTInstancia/registroIndiceBitRecibir_reg[7]'
INFO: [Synth 8-3886] merging instance 'moduloUARTB/moduloReceptorUARTInstancia/registroIndiceBitRecibir_reg[5]' (FDCE) to 'moduloUARTB/moduloReceptorUARTInstancia/registroIndiceBitRecibir_reg[7]'
INFO: [Synth 8-3886] merging instance 'moduloUARTB/moduloReceptorUARTInstancia/registroIndiceBitRecibir_reg[6]' (FDCE) to 'moduloUARTB/moduloReceptorUARTInstancia/registroIndiceBitRecibir_reg[7]'
INFO: [Synth 8-3333] propagating constant 0 across sequential element (\moduloUARTB/moduloReceptorUARTInstancia/registroIndiceBitRecibir_reg[7] )
INFO: [Synth 8-3886] merging instance 'moduloUARTC/moduloTransmisorUARTInstancia/registroIndiceBitTransmitir_reg[4]' (FDCE) to 'moduloUARTC/moduloTransmisorUARTInstancia/registroIndiceBitTransmitir_reg[7]'
INFO: [Synth 8-3886] merging instance 'moduloUARTC/moduloTransmisorUARTInstancia/registroIndiceBitTransmitir_reg[5]' (FDCE) to 'moduloUARTC/moduloTransmisorUARTInstancia/registroIndiceBitTransmitir_reg[7]'
INFO: [Synth 8-3886] merging instance 'moduloUARTC/moduloTransmisorUARTInstancia/registroIndiceBitTransmitir_reg[6]' (FDCE) to 'moduloUARTC/moduloTransmisorUARTInstancia/registroIndiceBitTransmitir_reg[7]'
INFO: [Synth 8-3333] propagating constant 0 across sequential element (\moduloUARTC/moduloTransmisorUARTInstancia/registroIndiceBitTransmitir_reg[7] )
INFO: [Synth 8-3886] merging instance 'moduloUARTB/moduloTransmisorUARTInstancia/registroIndiceBitTransmitir_reg[4]' (FDCE) to 'moduloUARTB/moduloTransmisorUARTInstancia/registroIndiceBitTransmitir_reg[7]'
INFO: [Synth 8-3886] merging instance 'moduloUARTB/moduloTransmisorUARTInstancia/registroIndiceBitTransmitir_reg[5]' (FDCE) to 'moduloUARTB/moduloTransmisorUARTInstancia/registroIndiceBitTransmitir_reg[7]'
INFO: [Synth 8-3886] merging instance 'moduloUARTB/moduloTransmisorUARTInstancia/registroIndiceBitTransmitir_reg[6]' (FDCE) to 'moduloUARTB/moduloTransmisorUARTInstancia/registroIndiceBitTransmitir_reg[7]'
INFO: [Synth 8-3333] propagating constant 0 across sequential element (\moduloUARTB/moduloTransmisorUARTInstancia/registroIndiceBitTransmitir_reg[7] )
INFO: [Synth 8-3886] merging instance 'moduloUARTA/moduloTransmisorUARTInstancia/registroIndiceBitTransmitir_reg[4]' (FDCE) to 'moduloUARTA/moduloTransmisorUARTInstancia/registroIndiceBitTransmitir_reg[7]'
INFO: [Synth 8-3886] merging instance 'moduloUARTA/moduloTransmisorUARTInstancia/registroIndiceBitTransmitir_reg[5]' (FDCE) to 'moduloUARTA/moduloTransmisorUARTInstancia/registroIndiceBitTransmitir_reg[7]'
INFO: [Synth 8-3886] merging instance 'moduloUARTA/moduloTransmisorUARTInstancia/registroIndiceBitTransmitir_reg[6]' (FDCE) to 'moduloUARTA/moduloTransmisorUARTInstancia/registroIndiceBitTransmitir_reg[7]'
INFO: [Synth 8-3333] propagating constant 0 across sequential element (\moduloUARTA/moduloTransmisorUARTInstancia/registroIndiceBitTransmitir_reg[7] )
INFO: [Synth 8-3886] merging instance 'moduloUARTC/moduloReceptorUARTInstancia/registroIndiceBitRecibir_reg[4]' (FDCE) to 'moduloUARTC/moduloReceptorUARTInstancia/registroIndiceBitRecibir_reg[7]'
INFO: [Synth 8-3886] merging instance 'moduloUARTC/moduloReceptorUARTInstancia/registroIndiceBitRecibir_reg[5]' (FDCE) to 'moduloUARTC/moduloReceptorUARTInstancia/registroIndiceBitRecibir_reg[7]'
INFO: [Synth 8-3886] merging instance 'moduloUARTC/moduloReceptorUARTInstancia/registroIndiceBitRecibir_reg[6]' (FDCE) to 'moduloUARTC/moduloReceptorUARTInstancia/registroIndiceBitRecibir_reg[7]'
INFO: [Synth 8-3333] propagating constant 0 across sequential element (\moduloUARTC/moduloReceptorUARTInstancia/registroIndiceBitRecibir_reg[7] )
CRITICAL WARNING: [Synth 8-6859] multi-driven net on pin Q with 1st driver pin 'moduloAntireboteBotonEnviar/registroCantidadCiclosReloj_reg[29]/Q' [C:/Users/aebol/OneDrive/Desktop/Laboratorio4/Vivado/Laboratorio4.srcs/sources_1/new/moduloAntirebote.sv:14]
CRITICAL WARNING: [Synth 8-6859] multi-driven net on pin Q with 2nd driver pin 'GND' [C:/Users/aebol/OneDrive/Desktop/Laboratorio4/Vivado/Laboratorio4.srcs/sources_1/new/moduloAntirebote.sv:14]
CRITICAL WARNING: [Synth 8-6858] multi-driven net Q is connected to at least one constant driver which has been preserved, other driver is ignored [C:/Users/aebol/OneDrive/Desktop/Laboratorio4/Vivado/Laboratorio4.srcs/sources_1/new/moduloAntirebote.sv:14]
CRITICAL WARNING: [Synth 8-6859] multi-driven net on pin Q with 1st driver pin 'moduloAntireboteBotonEnviar/registroCantidadCiclosReloj_reg[28]/Q' [C:/Users/aebol/OneDrive/Desktop/Laboratorio4/Vivado/Laboratorio4.srcs/sources_1/new/moduloAntirebote.sv:14]
CRITICAL WARNING: [Synth 8-6859] multi-driven net on pin Q with 2nd driver pin 'GND' [C:/Users/aebol/OneDrive/Desktop/Laboratorio4/Vivado/Laboratorio4.srcs/sources_1/new/moduloAntirebote.sv:14]
CRITICAL WARNING: [Synth 8-6858] multi-driven net Q is connected to at least one constant driver which has been preserved, other driver is ignored [C:/Users/aebol/OneDrive/Desktop/Laboratorio4/Vivado/Laboratorio4.srcs/sources_1/new/moduloAntirebote.sv:14]
CRITICAL WARNING: [Synth 8-6859] multi-driven net on pin Q with 1st driver pin 'moduloAntireboteBotonEnviar/registroCantidadCiclosReloj_reg[27]/Q' [C:/Users/aebol/OneDrive/Desktop/Laboratorio4/Vivado/Laboratorio4.srcs/sources_1/new/moduloAntirebote.sv:14]
CRITICAL WARNING: [Synth 8-6859] multi-driven net on pin Q with 2nd driver pin 'GND' [C:/Users/aebol/OneDrive/Desktop/Laboratorio4/Vivado/Laboratorio4.srcs/sources_1/new/moduloAntirebote.sv:14]
CRITICAL WARNING: [Synth 8-6858] multi-driven net Q is connected to at least one constant driver which has been preserved, other driver is ignored [C:/Users/aebol/OneDrive/Desktop/Laboratorio4/Vivado/Laboratorio4.srcs/sources_1/new/moduloAntirebote.sv:14]
CRITICAL WARNING: [Synth 8-6859] multi-driven net on pin Q with 1st driver pin 'moduloAntireboteBotonEnviar/registroCantidadCiclosReloj_reg[26]/Q' [C:/Users/aebol/OneDrive/Desktop/Laboratorio4/Vivado/Laboratorio4.srcs/sources_1/new/moduloAntirebote.sv:14]
CRITICAL WARNING: [Synth 8-6859] multi-driven net on pin Q with 2nd driver pin 'GND' [C:/Users/aebol/OneDrive/Desktop/Laboratorio4/Vivado/Laboratorio4.srcs/sources_1/new/moduloAntirebote.sv:14]
CRITICAL WARNING: [Synth 8-6858] multi-driven net Q is connected to at least one constant driver which has been preserved, other driver is ignored [C:/Users/aebol/OneDrive/Desktop/Laboratorio4/Vivado/Laboratorio4.srcs/sources_1/new/moduloAntirebote.sv:14]
CRITICAL WARNING: [Synth 8-6859] multi-driven net on pin Q with 1st driver pin 'moduloAntireboteBotonEnviar/registroCantidadCiclosReloj_reg[25]/Q' [C:/Users/aebol/OneDrive/Desktop/Laboratorio4/Vivado/Laboratorio4.srcs/sources_1/new/moduloAntirebote.sv:14]
CRITICAL WARNING: [Synth 8-6859] multi-driven net on pin Q with 2nd driver pin 'GND' [C:/Users/aebol/OneDrive/Desktop/Laboratorio4/Vivado/Laboratorio4.srcs/sources_1/new/moduloAntirebote.sv:14]
CRITICAL WARNING: [Synth 8-6858] multi-driven net Q is connected to at least one constant driver which has been preserved, other driver is ignored [C:/Users/aebol/OneDrive/Desktop/Laboratorio4/Vivado/Laboratorio4.srcs/sources_1/new/moduloAntirebote.sv:14]
CRITICAL WARNING: [Synth 8-6859] multi-driven net on pin Q with 1st driver pin 'moduloAntireboteBotonEnviar/registroCantidadCiclosReloj_reg[24]/Q' [C:/Users/aebol/OneDrive/Desktop/Laboratorio4/Vivado/Laboratorio4.srcs/sources_1/new/moduloAntirebote.sv:14]
CRITICAL WARNING: [Synth 8-6859] multi-driven net on pin Q with 2nd driver pin 'GND' [C:/Users/aebol/OneDrive/Desktop/Laboratorio4/Vivado/Laboratorio4.srcs/sources_1/new/moduloAntirebote.sv:14]
CRITICAL WARNING: [Synth 8-6858] multi-driven net Q is connected to at least one constant driver which has been preserved, other driver is ignored [C:/Users/aebol/OneDrive/Desktop/Laboratorio4/Vivado/Laboratorio4.srcs/sources_1/new/moduloAntirebote.sv:14]
CRITICAL WARNING: [Synth 8-6859] multi-driven net on pin Q with 1st driver pin 'moduloAntireboteBotonEnviar/registroCantidadCiclosReloj_reg[23]/Q' [C:/Users/aebol/OneDrive/Desktop/Laboratorio4/Vivado/Laboratorio4.srcs/sources_1/new/moduloAntirebote.sv:14]
CRITICAL WARNING: [Synth 8-6859] multi-driven net on pin Q with 2nd driver pin 'GND' [C:/Users/aebol/OneDrive/Desktop/Laboratorio4/Vivado/Laboratorio4.srcs/sources_1/new/moduloAntirebote.sv:14]
CRITICAL WARNING: [Synth 8-6858] multi-driven net Q is connected to at least one constant driver which has been preserved, other driver is ignored [C:/Users/aebol/OneDrive/Desktop/Laboratorio4/Vivado/Laboratorio4.srcs/sources_1/new/moduloAntirebote.sv:14]
CRITICAL WARNING: [Synth 8-6859] multi-driven net on pin Q with 1st driver pin 'moduloAntireboteBotonEnviar/registroCantidadCiclosReloj_reg[22]/Q' [C:/Users/aebol/OneDrive/Desktop/Laboratorio4/Vivado/Laboratorio4.srcs/sources_1/new/moduloAntirebote.sv:14]
CRITICAL WARNING: [Synth 8-6859] multi-driven net on pin Q with 2nd driver pin 'GND' [C:/Users/aebol/OneDrive/Desktop/Laboratorio4/Vivado/Laboratorio4.srcs/sources_1/new/moduloAntirebote.sv:14]
CRITICAL WARNING: [Synth 8-6858] multi-driven net Q is connected to at least one constant driver which has been preserved, other driver is ignored [C:/Users/aebol/OneDrive/Desktop/Laboratorio4/Vivado/Laboratorio4.srcs/sources_1/new/moduloAntirebote.sv:14]
CRITICAL WARNING: [Synth 8-6859] multi-driven net on pin Q with 1st driver pin 'moduloAntireboteBotonEnviar/registroCantidadCiclosReloj_reg[21]/Q' [C:/Users/aebol/OneDrive/Desktop/Laboratorio4/Vivado/Laboratorio4.srcs/sources_1/new/moduloAntirebote.sv:14]
CRITICAL WARNING: [Synth 8-6859] multi-driven net on pin Q with 2nd driver pin 'GND' [C:/Users/aebol/OneDrive/Desktop/Laboratorio4/Vivado/Laboratorio4.srcs/sources_1/new/moduloAntirebote.sv:14]
CRITICAL WARNING: [Synth 8-6858] multi-driven net Q is connected to at least one constant driver which has been preserved, other driver is ignored [C:/Users/aebol/OneDrive/Desktop/Laboratorio4/Vivado/Laboratorio4.srcs/sources_1/new/moduloAntirebote.sv:14]
CRITICAL WARNING: [Synth 8-6859] multi-driven net on pin Q with 1st driver pin 'moduloAntireboteBotonEnviar/registroCantidadCiclosReloj_reg[20]/Q' [C:/Users/aebol/OneDrive/Desktop/Laboratorio4/Vivado/Laboratorio4.srcs/sources_1/new/moduloAntirebote.sv:14]
CRITICAL WARNING: [Synth 8-6859] multi-driven net on pin Q with 2nd driver pin 'GND' [C:/Users/aebol/OneDrive/Desktop/Laboratorio4/Vivado/Laboratorio4.srcs/sources_1/new/moduloAntirebote.sv:14]
CRITICAL WARNING: [Synth 8-6858] multi-driven net Q is connected to at least one constant driver which has been preserved, other driver is ignored [C:/Users/aebol/OneDrive/Desktop/Laboratorio4/Vivado/Laboratorio4.srcs/sources_1/new/moduloAntirebote.sv:14]
CRITICAL WARNING: [Synth 8-6859] multi-driven net on pin Q with 1st driver pin 'moduloAntireboteBotonEnviar/registroCantidadCiclosReloj_reg[19]/Q' [C:/Users/aebol/OneDrive/Desktop/Laboratorio4/Vivado/Laboratorio4.srcs/sources_1/new/moduloAntirebote.sv:14]
CRITICAL WARNING: [Synth 8-6859] multi-driven net on pin Q with 2nd driver pin 'GND' [C:/Users/aebol/OneDrive/Desktop/Laboratorio4/Vivado/Laboratorio4.srcs/sources_1/new/moduloAntirebote.sv:14]
CRITICAL WARNING: [Synth 8-6858] multi-driven net Q is connected to at least one constant driver which has been preserved, other driver is ignored [C:/Users/aebol/OneDrive/Desktop/Laboratorio4/Vivado/Laboratorio4.srcs/sources_1/new/moduloAntirebote.sv:14]
CRITICAL WARNING: [Synth 8-6859] multi-driven net on pin Q with 1st driver pin 'moduloAntireboteBotonEnviar/registroCantidadCiclosReloj_reg[18]/Q' [C:/Users/aebol/OneDrive/Desktop/Laboratorio4/Vivado/Laboratorio4.srcs/sources_1/new/moduloAntirebote.sv:14]
CRITICAL WARNING: [Synth 8-6859] multi-driven net on pin Q with 2nd driver pin 'GND' [C:/Users/aebol/OneDrive/Desktop/Laboratorio4/Vivado/Laboratorio4.srcs/sources_1/new/moduloAntirebote.sv:14]
CRITICAL WARNING: [Synth 8-6858] multi-driven net Q is connected to at least one constant driver which has been preserved, other driver is ignored [C:/Users/aebol/OneDrive/Desktop/Laboratorio4/Vivado/Laboratorio4.srcs/sources_1/new/moduloAntirebote.sv:14]
CRITICAL WARNING: [Synth 8-6859] multi-driven net on pin Q with 1st driver pin 'moduloAntireboteBotonEnviar/registroCantidadCiclosReloj_reg[17]/Q' [C:/Users/aebol/OneDrive/Desktop/Laboratorio4/Vivado/Laboratorio4.srcs/sources_1/new/moduloAntirebote.sv:14]
CRITICAL WARNING: [Synth 8-6859] multi-driven net on pin Q with 2nd driver pin 'GND' [C:/Users/aebol/OneDrive/Desktop/Laboratorio4/Vivado/Laboratorio4.srcs/sources_1/new/moduloAntirebote.sv:14]
CRITICAL WARNING: [Synth 8-6858] multi-driven net Q is connected to at least one constant driver which has been preserved, other driver is ignored [C:/Users/aebol/OneDrive/Desktop/Laboratorio4/Vivado/Laboratorio4.srcs/sources_1/new/moduloAntirebote.sv:14]
CRITICAL WARNING: [Synth 8-6859] multi-driven net on pin Q with 1st driver pin 'moduloAntireboteBotonEnviar/registroCantidadCiclosReloj_reg[16]/Q' [C:/Users/aebol/OneDrive/Desktop/Laboratorio4/Vivado/Laboratorio4.srcs/sources_1/new/moduloAntirebote.sv:14]
CRITICAL WARNING: [Synth 8-6859] multi-driven net on pin Q with 2nd driver pin 'GND' [C:/Users/aebol/OneDrive/Desktop/Laboratorio4/Vivado/Laboratorio4.srcs/sources_1/new/moduloAntirebote.sv:14]
CRITICAL WARNING: [Synth 8-6858] multi-driven net Q is connected to at least one constant driver which has been preserved, other driver is ignored [C:/Users/aebol/OneDrive/Desktop/Laboratorio4/Vivado/Laboratorio4.srcs/sources_1/new/moduloAntirebote.sv:14]
CRITICAL WARNING: [Synth 8-6859] multi-driven net on pin Q with 1st driver pin 'moduloAntireboteBotonEnviar/registroCantidadCiclosReloj_reg[15]/Q' [C:/Users/aebol/OneDrive/Desktop/Laboratorio4/Vivado/Laboratorio4.srcs/sources_1/new/moduloAntirebote.sv:14]
CRITICAL WARNING: [Synth 8-6859] multi-driven net on pin Q with 2nd driver pin 'GND' [C:/Users/aebol/OneDrive/Desktop/Laboratorio4/Vivado/Laboratorio4.srcs/sources_1/new/moduloAntirebote.sv:14]
CRITICAL WARNING: [Synth 8-6858] multi-driven net Q is connected to at least one constant driver which has been preserved, other driver is ignored [C:/Users/aebol/OneDrive/Desktop/Laboratorio4/Vivado/Laboratorio4.srcs/sources_1/new/moduloAntirebote.sv:14]
CRITICAL WARNING: [Synth 8-6859] multi-driven net on pin Q with 1st driver pin 'moduloAntireboteBotonEnviar/registroCantidadCiclosReloj_reg[14]/Q' [C:/Users/aebol/OneDrive/Desktop/Laboratorio4/Vivado/Laboratorio4.srcs/sources_1/new/moduloAntirebote.sv:14]
CRITICAL WARNING: [Synth 8-6859] multi-driven net on pin Q with 2nd driver pin 'GND' [C:/Users/aebol/OneDrive/Desktop/Laboratorio4/Vivado/Laboratorio4.srcs/sources_1/new/moduloAntirebote.sv:14]
CRITICAL WARNING: [Synth 8-6858] multi-driven net Q is connected to at least one constant driver which has been preserved, other driver is ignored [C:/Users/aebol/OneDrive/Desktop/Laboratorio4/Vivado/Laboratorio4.srcs/sources_1/new/moduloAntirebote.sv:14]
CRITICAL WARNING: [Synth 8-6859] multi-driven net on pin Q with 1st driver pin 'moduloAntireboteBotonEnviar/registroCantidadCiclosReloj_reg[13]/Q' [C:/Users/aebol/OneDrive/Desktop/Laboratorio4/Vivado/Laboratorio4.srcs/sources_1/new/moduloAntirebote.sv:14]
CRITICAL WARNING: [Synth 8-6859] multi-driven net on pin Q with 2nd driver pin 'GND' [C:/Users/aebol/OneDrive/Desktop/Laboratorio4/Vivado/Laboratorio4.srcs/sources_1/new/moduloAntirebote.sv:14]
CRITICAL WARNING: [Synth 8-6858] multi-driven net Q is connected to at least one constant driver which has been preserved, other driver is ignored [C:/Users/aebol/OneDrive/Desktop/Laboratorio4/Vivado/Laboratorio4.srcs/sources_1/new/moduloAntirebote.sv:14]
CRITICAL WARNING: [Synth 8-6859] multi-driven net on pin Q with 1st driver pin 'moduloAntireboteBotonEnviar/registroCantidadCiclosReloj_reg[12]/Q' [C:/Users/aebol/OneDrive/Desktop/Laboratorio4/Vivado/Laboratorio4.srcs/sources_1/new/moduloAntirebote.sv:14]
CRITICAL WARNING: [Synth 8-6859] multi-driven net on pin Q with 2nd driver pin 'GND' [C:/Users/aebol/OneDrive/Desktop/Laboratorio4/Vivado/Laboratorio4.srcs/sources_1/new/moduloAntirebote.sv:14]
CRITICAL WARNING: [Synth 8-6858] multi-driven net Q is connected to at least one constant driver which has been preserved, other driver is ignored [C:/Users/aebol/OneDrive/Desktop/Laboratorio4/Vivado/Laboratorio4.srcs/sources_1/new/moduloAntirebote.sv:14]
CRITICAL WARNING: [Synth 8-6859] multi-driven net on pin Q with 1st driver pin 'moduloAntireboteBotonEnviar/registroCantidadCiclosReloj_reg[11]/Q' [C:/Users/aebol/OneDrive/Desktop/Laboratorio4/Vivado/Laboratorio4.srcs/sources_1/new/moduloAntirebote.sv:14]
CRITICAL WARNING: [Synth 8-6859] multi-driven net on pin Q with 2nd driver pin 'GND' [C:/Users/aebol/OneDrive/Desktop/Laboratorio4/Vivado/Laboratorio4.srcs/sources_1/new/moduloAntirebote.sv:14]
CRITICAL WARNING: [Synth 8-6858] multi-driven net Q is connected to at least one constant driver which has been preserved, other driver is ignored [C:/Users/aebol/OneDrive/Desktop/Laboratorio4/Vivado/Laboratorio4.srcs/sources_1/new/moduloAntirebote.sv:14]
CRITICAL WARNING: [Synth 8-6859] multi-driven net on pin Q with 1st driver pin 'moduloAntireboteBotonEnviar/registroCantidadCiclosReloj_reg[10]/Q' [C:/Users/aebol/OneDrive/Desktop/Laboratorio4/Vivado/Laboratorio4.srcs/sources_1/new/moduloAntirebote.sv:14]
CRITICAL WARNING: [Synth 8-6859] multi-driven net on pin Q with 2nd driver pin 'GND' [C:/Users/aebol/OneDrive/Desktop/Laboratorio4/Vivado/Laboratorio4.srcs/sources_1/new/moduloAntirebote.sv:14]
CRITICAL WARNING: [Synth 8-6858] multi-driven net Q is connected to at least one constant driver which has been preserved, other driver is ignored [C:/Users/aebol/OneDrive/Desktop/Laboratorio4/Vivado/Laboratorio4.srcs/sources_1/new/moduloAntirebote.sv:14]
CRITICAL WARNING: [Synth 8-6859] multi-driven net on pin Q with 1st driver pin 'moduloAntireboteBotonEnviar/registroCantidadCiclosReloj_reg[9]/Q' [C:/Users/aebol/OneDrive/Desktop/Laboratorio4/Vivado/Laboratorio4.srcs/sources_1/new/moduloAntirebote.sv:14]
CRITICAL WARNING: [Synth 8-6859] multi-driven net on pin Q with 2nd driver pin 'GND' [C:/Users/aebol/OneDrive/Desktop/Laboratorio4/Vivado/Laboratorio4.srcs/sources_1/new/moduloAntirebote.sv:14]
CRITICAL WARNING: [Synth 8-6858] multi-driven net Q is connected to at least one constant driver which has been preserved, other driver is ignored [C:/Users/aebol/OneDrive/Desktop/Laboratorio4/Vivado/Laboratorio4.srcs/sources_1/new/moduloAntirebote.sv:14]
CRITICAL WARNING: [Synth 8-6859] multi-driven net on pin Q with 1st driver pin 'moduloAntireboteBotonEnviar/registroCantidadCiclosReloj_reg[8]/Q' [C:/Users/aebol/OneDrive/Desktop/Laboratorio4/Vivado/Laboratorio4.srcs/sources_1/new/moduloAntirebote.sv:14]
CRITICAL WARNING: [Synth 8-6859] multi-driven net on pin Q with 2nd driver pin 'GND' [C:/Users/aebol/OneDrive/Desktop/Laboratorio4/Vivado/Laboratorio4.srcs/sources_1/new/moduloAntirebote.sv:14]
CRITICAL WARNING: [Synth 8-6858] multi-driven net Q is connected to at least one constant driver which has been preserved, other driver is ignored [C:/Users/aebol/OneDrive/Desktop/Laboratorio4/Vivado/Laboratorio4.srcs/sources_1/new/moduloAntirebote.sv:14]
CRITICAL WARNING: [Synth 8-6859] multi-driven net on pin Q with 1st driver pin 'moduloAntireboteBotonEnviar/registroCantidadCiclosReloj_reg[7]/Q' [C:/Users/aebol/OneDrive/Desktop/Laboratorio4/Vivado/Laboratorio4.srcs/sources_1/new/moduloAntirebote.sv:14]
CRITICAL WARNING: [Synth 8-6859] multi-driven net on pin Q with 2nd driver pin 'GND' [C:/Users/aebol/OneDrive/Desktop/Laboratorio4/Vivado/Laboratorio4.srcs/sources_1/new/moduloAntirebote.sv:14]
CRITICAL WARNING: [Synth 8-6858] multi-driven net Q is connected to at least one constant driver which has been preserved, other driver is ignored [C:/Users/aebol/OneDrive/Desktop/Laboratorio4/Vivado/Laboratorio4.srcs/sources_1/new/moduloAntirebote.sv:14]
CRITICAL WARNING: [Synth 8-6859] multi-driven net on pin Q with 1st driver pin 'moduloAntireboteBotonEnviar/registroCantidadCiclosReloj_reg[6]/Q' [C:/Users/aebol/OneDrive/Desktop/Laboratorio4/Vivado/Laboratorio4.srcs/sources_1/new/moduloAntirebote.sv:14]
CRITICAL WARNING: [Synth 8-6859] multi-driven net on pin Q with 2nd driver pin 'GND' [C:/Users/aebol/OneDrive/Desktop/Laboratorio4/Vivado/Laboratorio4.srcs/sources_1/new/moduloAntirebote.sv:14]
CRITICAL WARNING: [Synth 8-6858] multi-driven net Q is connected to at least one constant driver which has been preserved, other driver is ignored [C:/Users/aebol/OneDrive/Desktop/Laboratorio4/Vivado/Laboratorio4.srcs/sources_1/new/moduloAntirebote.sv:14]
CRITICAL WARNING: [Synth 8-6859] multi-driven net on pin Q with 1st driver pin 'moduloAntireboteBotonEnviar/registroCantidadCiclosReloj_reg[5]/Q' [C:/Users/aebol/OneDrive/Desktop/Laboratorio4/Vivado/Laboratorio4.srcs/sources_1/new/moduloAntirebote.sv:14]
CRITICAL WARNING: [Synth 8-6859] multi-driven net on pin Q with 2nd driver pin 'GND' [C:/Users/aebol/OneDrive/Desktop/Laboratorio4/Vivado/Laboratorio4.srcs/sources_1/new/moduloAntirebote.sv:14]
CRITICAL WARNING: [Synth 8-6858] multi-driven net Q is connected to at least one constant driver which has been preserved, other driver is ignored [C:/Users/aebol/OneDrive/Desktop/Laboratorio4/Vivado/Laboratorio4.srcs/sources_1/new/moduloAntirebote.sv:14]
CRITICAL WARNING: [Synth 8-6859] multi-driven net on pin Q with 1st driver pin 'moduloAntireboteBotonEnviar/registroCantidadCiclosReloj_reg[4]/Q' [C:/Users/aebol/OneDrive/Desktop/Laboratorio4/Vivado/Laboratorio4.srcs/sources_1/new/moduloAntirebote.sv:14]
CRITICAL WARNING: [Synth 8-6859] multi-driven net on pin Q with 2nd driver pin 'GND' [C:/Users/aebol/OneDrive/Desktop/Laboratorio4/Vivado/Laboratorio4.srcs/sources_1/new/moduloAntirebote.sv:14]
CRITICAL WARNING: [Synth 8-6858] multi-driven net Q is connected to at least one constant driver which has been preserved, other driver is ignored [C:/Users/aebol/OneDrive/Desktop/Laboratorio4/Vivado/Laboratorio4.srcs/sources_1/new/moduloAntirebote.sv:14]
CRITICAL WARNING: [Synth 8-6859] multi-driven net on pin Q with 1st driver pin 'moduloAntireboteBotonEnviar/registroCantidadCiclosReloj_reg[3]/Q' [C:/Users/aebol/OneDrive/Desktop/Laboratorio4/Vivado/Laboratorio4.srcs/sources_1/new/moduloAntirebote.sv:14]
CRITICAL WARNING: [Synth 8-6859] multi-driven net on pin Q with 2nd driver pin 'GND' [C:/Users/aebol/OneDrive/Desktop/Laboratorio4/Vivado/Laboratorio4.srcs/sources_1/new/moduloAntirebote.sv:14]
CRITICAL WARNING: [Synth 8-6858] multi-driven net Q is connected to at least one constant driver which has been preserved, other driver is ignored [C:/Users/aebol/OneDrive/Desktop/Laboratorio4/Vivado/Laboratorio4.srcs/sources_1/new/moduloAntirebote.sv:14]
CRITICAL WARNING: [Synth 8-6859] multi-driven net on pin Q with 1st driver pin 'moduloAntireboteBotonEnviar/registroCantidadCiclosReloj_reg[2]/Q' [C:/Users/aebol/OneDrive/Desktop/Laboratorio4/Vivado/Laboratorio4.srcs/sources_1/new/moduloAntirebote.sv:14]
CRITICAL WARNING: [Synth 8-6859] multi-driven net on pin Q with 2nd driver pin 'GND' [C:/Users/aebol/OneDrive/Desktop/Laboratorio4/Vivado/Laboratorio4.srcs/sources_1/new/moduloAntirebote.sv:14]
CRITICAL WARNING: [Synth 8-6858] multi-driven net Q is connected to at least one constant driver which has been preserved, other driver is ignored [C:/Users/aebol/OneDrive/Desktop/Laboratorio4/Vivado/Laboratorio4.srcs/sources_1/new/moduloAntirebote.sv:14]
CRITICAL WARNING: [Synth 8-6859] multi-driven net on pin Q with 1st driver pin 'moduloAntireboteBotonEnviar/registroCantidadCiclosReloj_reg[1]/Q' [C:/Users/aebol/OneDrive/Desktop/Laboratorio4/Vivado/Laboratorio4.srcs/sources_1/new/moduloAntirebote.sv:14]
CRITICAL WARNING: [Synth 8-6859] multi-driven net on pin Q with 2nd driver pin 'GND' [C:/Users/aebol/OneDrive/Desktop/Laboratorio4/Vivado/Laboratorio4.srcs/sources_1/new/moduloAntirebote.sv:14]
CRITICAL WARNING: [Synth 8-6858] multi-driven net Q is connected to at least one constant driver which has been preserved, other driver is ignored [C:/Users/aebol/OneDrive/Desktop/Laboratorio4/Vivado/Laboratorio4.srcs/sources_1/new/moduloAntirebote.sv:14]
CRITICAL WARNING: [Synth 8-6859] multi-driven net on pin Q with 1st driver pin 'moduloAntireboteBotonEnviar/registroCantidadCiclosReloj_reg[0]/Q' [C:/Users/aebol/OneDrive/Desktop/Laboratorio4/Vivado/Laboratorio4.srcs/sources_1/new/moduloAntirebote.sv:14]
CRITICAL WARNING: [Synth 8-6859] multi-driven net on pin Q with 2nd driver pin 'GND' [C:/Users/aebol/OneDrive/Desktop/Laboratorio4/Vivado/Laboratorio4.srcs/sources_1/new/moduloAntirebote.sv:14]
CRITICAL WARNING: [Synth 8-6858] multi-driven net Q is connected to at least one constant driver which has been preserved, other driver is ignored [C:/Users/aebol/OneDrive/Desktop/Laboratorio4/Vivado/Laboratorio4.srcs/sources_1/new/moduloAntirebote.sv:14]
---------------------------------------------------------------------------------
Finished Cross Boundary and Area Optimization : Time (s): cpu = 00:00:24 ; elapsed = 00:00:35 . Memory (MB): peak = 860.566 ; gain = 360.441
---------------------------------------------------------------------------------

Report RTL Partitions: 
+-+--------------+------------+----------+
| |RTL Partition |Replication |Instances |
+-+--------------+------------+----------+
+-+--------------+------------+----------+
---------------------------------------------------------------------------------
Start Applying XDC Timing Constraints
---------------------------------------------------------------------------------
---------------------------------------------------------------------------------
Finished Applying XDC Timing Constraints : Time (s): cpu = 00:00:37 ; elapsed = 00:00:55 . Memory (MB): peak = 860.566 ; gain = 360.441
---------------------------------------------------------------------------------
---------------------------------------------------------------------------------
Start Timing Optimization
---------------------------------------------------------------------------------
---------------------------------------------------------------------------------
Finished Timing Optimization : Time (s): cpu = 00:00:38 ; elapsed = 00:00:57 . Memory (MB): peak = 860.566 ; gain = 360.441
---------------------------------------------------------------------------------

Report RTL Partitions: 
+-+--------------+------------+----------+
| |RTL Partition |Replication |Instances |
+-+--------------+------------+----------+
+-+--------------+------------+----------+
---------------------------------------------------------------------------------
Start Technology Mapping
---------------------------------------------------------------------------------
---------------------------------------------------------------------------------
Finished Technology Mapping : Time (s): cpu = 00:00:38 ; elapsed = 00:00:57 . Memory (MB): peak = 860.680 ; gain = 360.555
---------------------------------------------------------------------------------

Report RTL Partitions: 
+-+--------------+------------+----------+
| |RTL Partition |Replication |Instances |
+-+--------------+------------+----------+
+-+--------------+------------+----------+
---------------------------------------------------------------------------------
Start IO Insertion
---------------------------------------------------------------------------------
---------------------------------------------------------------------------------
Start Flattening Before IO Insertion
---------------------------------------------------------------------------------
---------------------------------------------------------------------------------
Finished Flattening Before IO Insertion
---------------------------------------------------------------------------------
---------------------------------------------------------------------------------
Start Final Netlist Cleanup
---------------------------------------------------------------------------------
---------------------------------------------------------------------------------
Finished Final Netlist Cleanup
---------------------------------------------------------------------------------
---------------------------------------------------------------------------------
Finished IO Insertion : Time (s): cpu = 00:00:42 ; elapsed = 00:01:05 . Memory (MB): peak = 866.473 ; gain = 366.348
---------------------------------------------------------------------------------

Report Check Netlist: 
+------+------------------+-------+---------+-------+------------------+
|      |Item              |Errors |Warnings |Status |Description       |
+------+------------------+-------+---------+-------+------------------+
|1     |multi_driven_nets |      0|        0|Passed |Multi driven nets |
+------+------------------+-------+---------+-------+------------------+
---------------------------------------------------------------------------------
Start Renaming Generated Instances
---------------------------------------------------------------------------------
---------------------------------------------------------------------------------
Finished Renaming Generated Instances : Time (s): cpu = 00:00:42 ; elapsed = 00:01:05 . Memory (MB): peak = 866.473 ; gain = 366.348
---------------------------------------------------------------------------------

Report RTL Partitions: 
+-+--------------+------------+----------+
| |RTL Partition |Replication |Instances |
+-+--------------+------------+----------+
+-+--------------+------------+----------+
---------------------------------------------------------------------------------
Start Rebuilding User Hierarchy
---------------------------------------------------------------------------------
---------------------------------------------------------------------------------
Finished Rebuilding User Hierarchy : Time (s): cpu = 00:00:42 ; elapsed = 00:01:05 . Memory (MB): peak = 866.473 ; gain = 366.348
---------------------------------------------------------------------------------
---------------------------------------------------------------------------------
Start Renaming Generated Ports
---------------------------------------------------------------------------------
---------------------------------------------------------------------------------
Finished Renaming Generated Ports : Time (s): cpu = 00:00:42 ; elapsed = 00:01:05 . Memory (MB): peak = 866.473 ; gain = 366.348
---------------------------------------------------------------------------------
---------------------------------------------------------------------------------
Start Handling Custom Attributes
---------------------------------------------------------------------------------
---------------------------------------------------------------------------------
Finished Handling Custom Attributes : Time (s): cpu = 00:00:42 ; elapsed = 00:01:05 . Memory (MB): peak = 866.473 ; gain = 366.348
---------------------------------------------------------------------------------
---------------------------------------------------------------------------------
Start Renaming Generated Nets
---------------------------------------------------------------------------------
---------------------------------------------------------------------------------
Finished Renaming Generated Nets : Time (s): cpu = 00:00:42 ; elapsed = 00:01:05 . Memory (MB): peak = 866.473 ; gain = 366.348
---------------------------------------------------------------------------------
---------------------------------------------------------------------------------
Start Writing Synthesis Report
---------------------------------------------------------------------------------

Report BlackBoxes: 
+-+--------------+----------+
| |BlackBox name |Instances |
+-+--------------+----------+
+-+--------------+----------+

Report Cell Usage: 
+------+-------+------+
|      |Cell   |Count |
+------+-------+------+
|1     |BUFG   |     1|
|2     |CARRY4 |    24|
|3     |LUT1   |     3|
|4     |LUT2   |    11|
|5     |LUT3   |    19|
|6     |LUT4   |    37|
|7     |LUT5   |    22|
|8     |LUT6   |   151|
|9     |FDCE   |   162|
|10    |FDRE   |    18|
|11    |FDSE   |     7|
|12    |IBUF   |    17|
|13    |OBUF   |    18|
+------+-------+------+

Report Instance Areas: 
+------+------------------------------------------------------+---------------------------------------+------+
|      |Instance                                              |Module                                 |Cells |
+------+------------------------------------------------------+---------------------------------------+------+
|1     |top                                                   |                                       |   490|
|2     |  moduloHexadecimalDisplaySieteSegmentosDatoConsumido |moduloHexadecimalDisplaySieteSegmentos |    14|
|3     |  moduloProcesadorInstancia                           |moduloProcesador                       |    23|
|4     |  moduloUARTA                                         |moduloUART                             |   141|
|5     |    moduloReceptorUARTInstancia                       |moduloReceptorUART_4                   |    77|
|6     |    moduloTransmisorUARTInstancia                     |moduloTransmisorUART_5                 |    64|
|7     |  moduloUARTB                                         |moduloUART_0                           |   135|
|8     |    moduloReceptorUARTInstancia                       |moduloReceptorUART_2                   |    72|
|9     |    moduloTransmisorUARTInstancia                     |moduloTransmisorUART_3                 |    63|
|10    |  moduloUARTC                                         |moduloUART_1                           |   141|
|11    |    moduloReceptorUARTInstancia                       |moduloReceptorUART                     |    78|
|12    |    moduloTransmisorUARTInstancia                     |moduloTransmisorUART                   |    63|
+------+------------------------------------------------------+---------------------------------------+------+
---------------------------------------------------------------------------------
Finished Writing Synthesis Report : Time (s): cpu = 00:00:42 ; elapsed = 00:01:05 . Memory (MB): peak = 866.473 ; gain = 366.348
---------------------------------------------------------------------------------
Synthesis finished with 0 errors, 90 critical warnings and 0 warnings.
Synthesis Optimization Runtime : Time (s): cpu = 00:00:29 ; elapsed = 00:00:59 . Memory (MB): peak = 866.473 ; gain = 226.824
Synthesis Optimization Complete : Time (s): cpu = 00:00:42 ; elapsed = 00:01:06 . Memory (MB): peak = 866.473 ; gain = 366.348
INFO: [Project 1-571] Translating synthesized netlist
INFO: [Netlist 29-17] Analyzing 24 Unisim elements for replacement
INFO: [Netlist 29-28] Unisim Transformation completed in 0 CPU seconds
INFO: [Project 1-570] Preparing netlist for logic optimization
INFO: [Opt 31-138] Pushed 0 inverter(s) to 0 load pin(s).
Netlist sorting complete. Time (s): cpu = 00:00:00 ; elapsed = 00:00:00.001 . Memory (MB): peak = 874.082 ; gain = 0.000
INFO: [Project 1-111] Unisim Transformation Summary:
No Unisim elements were transformed.

INFO: [Common 17-83] Releasing license: Synthesis
50 Infos, 25 Warnings, 92 Critical Warnings and 0 Errors encountered.
synth_design completed successfully
synth_design: Time (s): cpu = 00:00:51 ; elapsed = 00:01:20 . Memory (MB): peak = 874.082 ; gain = 579.949
Netlist sorting complete. Time (s): cpu = 00:00:00 ; elapsed = 00:00:00.001 . Memory (MB): peak = 874.082 ; gain = 0.000
WARNING: [Constraints 18-5210] No constraints selected for write.
Resolution: This message can indicate that there are no constraints for the design, or it can indicate that the used_in flags are set such that the constraints are ignored. This later case is used when running synth_design to not write synthesis constraints to the resulting checkpoint. Instead, project constraints are read when the synthesized design is opened.
INFO: [Common 17-1381] The checkpoint 'C:/Users/aebol/OneDrive/Desktop/Laboratorio4/Vivado/Laboratorio4.runs/synth_1/Laboratorio4.dcp' has been generated.
INFO: [runtcl-4] Executing : report_utilization -file Laboratorio4_utilization_synth.rpt -pb Laboratorio4_utilization_synth.pb
INFO: [Common 17-206] Exiting Vivado at Fri Jun  9 05:35:17 2023...
